# JRE version: Java(TM) SE Runtime Environment (8.0_111-b14) (build 1.8.0_111-b14)
# Java VM: Java HotSpot(TM) 64-Bit Server VM (25.111-b14 mixed mode bsd-amd64 compressed oops)
Heap:
 PSYoungGen      total 51712K, used 8881K [0x0000000795580000, 0x0000000799880000, 0x00000007c0000000)
  eden space 49664K, 14% used [0x0000000795580000,0x0000000795c7a190,0x0000000798600000)
  from space 2048K, 84% used [0x0000000799680000,0x0000000799832650,0x0000000799880000)
  to   space 5120K, 0% used [0x0000000798e80000,0x0000000798e80000,0x0000000799380000)
 ParOldGen       total 177152K, used 83721K [0x0000000740000000, 0x000000074ad00000, 0x0000000795580000)
  object space 177152K, 47% used [0x0000000740000000,0x00000007451c2738,0x000000074ad00000)
 Metaspace       used 23135K, capacity 24094K, committed 24320K, reserved 1071104K
  class space    used 3100K, capacity 3326K, committed 3328K, reserved 1048576K
GC Heap History (10 events):
Event: 4.294 GC heap before
{Heap before GC invocations=2 (full 0):
 PSYoungGen      total 38400K, used 14126K [0x0000000795580000, 0x0000000798000000, 0x00000007c0000000)
  eden space 33280K, 27% used [0x0000000795580000,0x0000000795e85ed8,0x0000000797600000)
  from space 5120K, 95% used [0x0000000797600000,0x0000000797ac5af0,0x0000000797b00000)
  to   space 5120K, 0% used [0x0000000797b00000,0x0000000797b00000,0x0000000798000000)
 ParOldGen       total 87552K, used 80K [0x0000000740000000, 0x0000000745580000, 0x0000000795580000)
  object space 87552K, 0% used [0x0000000740000000,0x0000000740014010,0x0000000745580000)
 Metaspace       used 20253K, capacity 21078K, committed 21248K, reserved 1067008K
  class space    used 2783K, capacity 2978K, committed 3072K, reserved 1048576K
Event: 4.318 GC heap after
Heap after GC invocations=2 (full 0):
 PSYoungGen      total 38400K, used 5104K [0x0000000795580000, 0x000000079a080000, 0x00000007c0000000)
  eden space 33280K, 0% used [0x0000000795580000,0x0000000795580000,0x0000000797600000)
  from space 5120K, 99% used [0x0000000797b00000,0x0000000797ffc060,0x0000000798000000)
  to   space 5120K, 0% used [0x0000000797600000,0x0000000797600000,0x0000000797b00000)
 ParOldGen       total 87552K, used 6784K [0x0000000740000000, 0x0000000745580000, 0x0000000795580000)
  object space 87552K, 7% used [0x0000000740000000,0x00000007406a0370,0x0000000745580000)
 Metaspace       used 20253K, capacity 21078K, committed 21248K, reserved 1067008K
  class space    used 2783K, capacity 2978K, committed 3072K, reserved 1048576K
}
Event: 4.319 GC heap before
{Heap before GC invocations=3 (full 1):
 PSYoungGen      total 38400K, used 5104K [0x0000000795580000, 0x000000079a080000, 0x00000007c0000000)
  eden space 33280K, 0% used [0x0000000795580000,0x0000000795580000,0x0000000797600000)
  from space 5120K, 99% used [0x0000000797b00000,0x0000000797ffc060,0x0000000798000000)
  to   space 5120K, 0% used [0x0000000797600000,0x0000000797600000,0x0000000797b00000)
 ParOldGen       total 87552K, used 6784K [0x0000000740000000, 0x0000000745580000, 0x0000000795580000)
  object space 87552K, 7% used [0x0000000740000000,0x00000007406a0370,0x0000000745580000)
 Metaspace       used 20253K, capacity 21078K, committed 21248K, reserved 1067008K
  class space    used 2783K, capacity 2978K, committed 3072K, reserved 1048576K
Event: 4.361 GC heap after
Heap after GC invocations=3 (full 1):
 PSYoungGen      total 38400K, used 0K [0x0000000795580000, 0x000000079a080000, 0x00000007c0000000)
  eden space 33280K, 0% used [0x0000000795580000,0x0000000795580000,0x0000000797600000)
  from space 5120K, 0% used [0x0000000797b00000,0x0000000797b00000,0x0000000798000000)
  to   space 5120K, 0% used [0x0000000797600000,0x0000000797600000,0x0000000797b00000)
 ParOldGen       total 62976K, used 9292K [0x0000000740000000, 0x0000000743d80000, 0x0000000795580000)
  object space 62976K, 14% used [0x0000000740000000,0x00000007409130b8,0x0000000743d80000)
 Metaspace       used 20253K, capacity 21078K, committed 21248K, reserved 1067008K
  class space    used 2783K, capacity 2978K, committed 3072K, reserved 1048576K
}
Event: 5.010 GC heap before
{Heap before GC invocations=4 (full 1):
 PSYoungGen      total 38400K, used 33280K [0x0000000795580000, 0x000000079a080000, 0x00000007c0000000)
  eden space 33280K, 100% used [0x0000000795580000,0x0000000797600000,0x0000000797600000)
  from space 5120K, 0% used [0x0000000797b00000,0x0000000797b00000,0x0000000798000000)
  to   space 5120K, 0% used [0x0000000797600000,0x0000000797600000,0x0000000797b00000)
 ParOldGen       total 62976K, used 9292K [0x0000000740000000, 0x0000000743d80000, 0x0000000795580000)
  object space 62976K, 14% used [0x0000000740000000,0x00000007409130b8,0x0000000743d80000)
 Metaspace       used 21483K, capacity 22354K, committed 22656K, reserved 1069056K
  class space    used 2932K, capacity 3144K, committed 3200K, reserved 1048576K
Event: 5.096 GC heap after
Heap after GC invocations=4 (full 1):
 PSYoungGen      total 38400K, used 256K [0x0000000795580000, 0x0000000799b80000, 0x00000007c0000000)
  eden space 33280K, 0% used [0x0000000795580000,0x0000000795580000,0x0000000797600000)
  from space 5120K, 5% used [0x0000000797600000,0x0000000797640000,0x0000000797b00000)
  to   space 5120K, 0% used [0x0000000799680000,0x0000000799680000,0x0000000799b80000)
 ParOldGen       total 88064K, used 83541K [0x0000000740000000, 0x0000000745600000, 0x0000000795580000)
  object space 88064K, 94% used [0x0000000740000000,0x00000007451956e0,0x0000000745600000)
 Metaspace       used 21483K, capacity 22354K, committed 22656K, reserved 1069056K
  class space    used 2932K, capacity 3144K, committed 3200K, reserved 1048576K
}
Event: 5.096 GC heap before
{Heap before GC invocations=5 (full 2):
 PSYoungGen      total 38400K, used 256K [0x0000000795580000, 0x0000000799b80000, 0x00000007c0000000)
  eden space 33280K, 0% used [0x0000000795580000,0x0000000795580000,0x0000000797600000)
  from space 5120K, 5% used [0x0000000797600000,0x0000000797640000,0x0000000797b00000)
  to   space 5120K, 0% used [0x0000000799680000,0x0000000799680000,0x0000000799b80000)
 ParOldGen       total 88064K, used 83541K [0x0000000740000000, 0x0000000745600000, 0x0000000795580000)
  object space 88064K, 94% used [0x0000000740000000,0x00000007451956e0,0x0000000745600000)
 Metaspace       used 21483K, capacity 22354K, committed 22656K, reserved 1069056K
  class space    used 2932K, capacity 3144K, committed 3200K, reserved 1048576K
Event: 5.152 GC heap after
Heap after GC invocations=5 (full 2):
 PSYoungGen      total 38400K, used 0K [0x0000000795580000, 0x0000000799b80000, 0x00000007c0000000)
  eden space 33280K, 0% used [0x0000000795580000,0x0000000795580000,0x0000000797600000)
  from space 5120K, 0% used [0x0000000797600000,0x0000000797600000,0x0000000797b00000)
  to   space 5120K, 0% used [0x0000000799680000,0x0000000799680000,0x0000000799b80000)
 ParOldGen       total 177152K, used 34219K [0x0000000740000000, 0x000000074ad00000, 0x0000000795580000)
  object space 177152K, 19% used [0x0000000740000000,0x000000074216adc8,0x000000074ad00000)
 Metaspace       used 21483K, capacity 22354K, committed 22656K, reserved 1069056K
  class space    used 2932K, capacity 3144K, committed 3200K, reserved 1048576K
}
Event: 13.617 GC heap before
{Heap before GC invocations=6 (full 2):
 PSYoungGen      total 38400K, used 33280K [0x0000000795580000, 0x0000000799b80000, 0x00000007c0000000)
  eden space 33280K, 100% used [0x0000000795580000,0x0000000797600000,0x0000000797600000)
  from space 5120K, 0% used [0x0000000797600000,0x0000000797600000,0x0000000797b00000)
  to   space 5120K, 0% used [0x0000000799680000,0x0000000799680000,0x0000000799b80000)
 ParOldGen       total 177152K, used 83713K [0x0000000740000000, 0x000000074ad00000, 0x0000000795580000)
  object space 177152K, 47% used [0x0000000740000000,0x00000007451c0738,0x000000074ad00000)
 Metaspace       used 23101K, capacity 24038K, committed 24320K, reserved 1071104K
  class space    used 3093K, capacity 3314K, committed 3328K, reserved 1048576K
Event: 13.629 GC heap after
Heap after GC invocations=6 (full 2):
 PSYoungGen      total 51712K, used 1737K [0x0000000795580000, 0x0000000799880000, 0x00000007c0000000)
  eden space 49664K, 0% used [0x0000000795580000,0x0000000795580000,0x0000000798600000)
  from space 2048K, 84% used [0x0000000799680000,0x0000000799832650,0x0000000799880000)
  to   space 5120K, 0% used [0x0000000798e80000,0x0000000798e80000,0x0000000799380000)
 ParOldGen       total 177152K, used 83721K [0x0000000740000000, 0x000000074ad00000, 0x0000000795580000)
  object space 177152K, 47% used [0x0000000740000000,0x00000007451c2738,0x000000074ad00000)
 Metaspace       used 23101K, capacity 24038K, committed 24320K, reserved 1071104K
  class space    used 3093K, capacity 3314K, committed 3328K, reserved 1048576K
}

