# JRE version: Java(TM) SE Runtime Environment (8.0_111-b14) (build 1.8.0_111-b14)
# Java VM: Java HotSpot(TM) 64-Bit Server VM (25.111-b14 mixed mode bsd-amd64 compressed oops)
Heap:
 PSYoungGen      total 38400K, used 31633K [0x0000000795580000, 0x0000000799c80000, 0x00000007c0000000)
  eden space 33280K, 95% used [0x0000000795580000,0x0000000797464508,0x0000000797600000)
  from space 5120K, 0% used [0x0000000797600000,0x0000000797600000,0x0000000797b00000)
  to   space 5120K, 0% used [0x0000000799780000,0x0000000799780000,0x0000000799c80000)
 ParOldGen       total 181248K, used 82870K [0x0000000740000000, 0x000000074b100000, 0x0000000795580000)
  object space 181248K, 45% used [0x0000000740000000,0x00000007450eda90,0x000000074b100000)
 Metaspace       used 22638K, capacity 23560K, committed 23808K, reserved 1069056K
  class space    used 3029K, capacity 3225K, committed 3328K, reserved 1048576K
GC Heap History (10 events):
Event: 2.589 GC heap before
{Heap before GC invocations=1 (full 0):
 PSYoungGen      total 38400K, used 33280K [0x0000000795580000, 0x0000000798000000, 0x00000007c0000000)
  eden space 33280K, 100% used [0x0000000795580000,0x0000000797600000,0x0000000797600000)
  from space 5120K, 0% used [0x0000000797b00000,0x0000000797b00000,0x0000000798000000)
  to   space 5120K, 0% used [0x0000000797600000,0x0000000797600000,0x0000000797b00000)
 ParOldGen       total 87552K, used 0K [0x0000000740000000, 0x0000000745580000, 0x0000000795580000)
  object space 87552K, 0% used [0x0000000740000000,0x0000000740000000,0x0000000745580000)
 Metaspace       used 16252K, capacity 17076K, committed 17408K, reserved 1064960K
  class space    used 2264K, capacity 2463K, committed 2560K, reserved 1048576K
Event: 2.602 GC heap after
Heap after GC invocations=1 (full 0):
 PSYoungGen      total 38400K, used 4875K [0x0000000795580000, 0x0000000798000000, 0x00000007c0000000)
  eden space 33280K, 0% used [0x0000000795580000,0x0000000795580000,0x0000000797600000)
  from space 5120K, 95% used [0x0000000797600000,0x0000000797ac2fc0,0x0000000797b00000)
  to   space 5120K, 0% used [0x0000000797b00000,0x0000000797b00000,0x0000000798000000)
 ParOldGen       total 87552K, used 80K [0x0000000740000000, 0x0000000745580000, 0x0000000795580000)
  object space 87552K, 0% used [0x0000000740000000,0x0000000740014010,0x0000000745580000)
 Metaspace       used 16252K, capacity 17076K, committed 17408K, reserved 1064960K
  class space    used 2264K, capacity 2463K, committed 2560K, reserved 1048576K
}
Event: 3.317 GC heap before
{Heap before GC invocations=2 (full 0):
 PSYoungGen      total 38400K, used 13745K [0x0000000795580000, 0x0000000798000000, 0x00000007c0000000)
  eden space 33280K, 26% used [0x0000000795580000,0x0000000795e294a0,0x0000000797600000)
  from space 5120K, 95% used [0x0000000797600000,0x0000000797ac2fc0,0x0000000797b00000)
  to   space 5120K, 0% used [0x0000000797b00000,0x0000000797b00000,0x0000000798000000)
 ParOldGen       total 87552K, used 80K [0x0000000740000000, 0x0000000745580000, 0x0000000795580000)
  object space 87552K, 0% used [0x0000000740000000,0x0000000740014010,0x0000000745580000)
 Metaspace       used 20224K, capacity 21076K, committed 21248K, reserved 1067008K
  class space    used 2802K, capacity 3003K, committed 3072K, reserved 1048576K
Event: 3.331 GC heap after
Heap after GC invocations=2 (full 0):
 PSYoungGen      total 38400K, used 5104K [0x0000000795580000, 0x000000079a080000, 0x00000007c0000000)
  eden space 33280K, 0% used [0x0000000795580000,0x0000000795580000,0x0000000797600000)
  from space 5120K, 99% used [0x0000000797b00000,0x0000000797ffc040,0x0000000798000000)
  to   space 5120K, 0% used [0x0000000797600000,0x0000000797600000,0x0000000797b00000)
 ParOldGen       total 87552K, used 6375K [0x0000000740000000, 0x0000000745580000, 0x0000000795580000)
  object space 87552K, 7% used [0x0000000740000000,0x0000000740639c90,0x0000000745580000)
 Metaspace       used 20224K, capacity 21076K, committed 21248K, reserved 1067008K
  class space    used 2802K, capacity 3003K, committed 3072K, reserved 1048576K
}
Event: 3.331 GC heap before
{Heap before GC invocations=3 (full 1):
 PSYoungGen      total 38400K, used 5104K [0x0000000795580000, 0x000000079a080000, 0x00000007c0000000)
  eden space 33280K, 0% used [0x0000000795580000,0x0000000795580000,0x0000000797600000)
  from space 5120K, 99% used [0x0000000797b00000,0x0000000797ffc040,0x0000000798000000)
  to   space 5120K, 0% used [0x0000000797600000,0x0000000797600000,0x0000000797b00000)
 ParOldGen       total 87552K, used 6375K [0x0000000740000000, 0x0000000745580000, 0x0000000795580000)
  object space 87552K, 7% used [0x0000000740000000,0x0000000740639c90,0x0000000745580000)
 Metaspace       used 20224K, capacity 21076K, committed 21248K, reserved 1067008K
  class space    used 2802K, capacity 3003K, committed 3072K, reserved 1048576K
Event: 3.372 GC heap after
Heap after GC invocations=3 (full 1):
 PSYoungGen      total 38400K, used 0K [0x0000000795580000, 0x000000079a080000, 0x00000007c0000000)
  eden space 33280K, 0% used [0x0000000795580000,0x0000000795580000,0x0000000797600000)
  from space 5120K, 0% used [0x0000000797b00000,0x0000000797b00000,0x0000000798000000)
  to   space 5120K, 0% used [0x0000000797600000,0x0000000797600000,0x0000000797b00000)
 ParOldGen       total 68096K, used 8928K [0x0000000740000000, 0x0000000744280000, 0x0000000795580000)
  object space 68096K, 13% used [0x0000000740000000,0x00000007408b8080,0x0000000744280000)
 Metaspace       used 20224K, capacity 21076K, committed 21248K, reserved 1067008K
  class space    used 2802K, capacity 3003K, committed 3072K, reserved 1048576K
}
Event: 3.619 GC heap before
{Heap before GC invocations=4 (full 1):
 PSYoungGen      total 38400K, used 33280K [0x0000000795580000, 0x000000079a080000, 0x00000007c0000000)
  eden space 33280K, 100% used [0x0000000795580000,0x0000000797600000,0x0000000797600000)
  from space 5120K, 0% used [0x0000000797b00000,0x0000000797b00000,0x0000000798000000)
  to   space 5120K, 0% used [0x0000000797600000,0x0000000797600000,0x0000000797b00000)
 ParOldGen       total 68096K, used 8928K [0x0000000740000000, 0x0000000744280000, 0x0000000795580000)
  object space 68096K, 13% used [0x0000000740000000,0x00000007408b8080,0x0000000744280000)
 Metaspace       used 20741K, capacity 21652K, committed 21760K, reserved 1069056K
  class space    used 2859K, capacity 3067K, committed 3072K, reserved 1048576K
Event: 3.711 GC heap after
Heap after GC invocations=4 (full 1):
 PSYoungGen      total 38400K, used 128K [0x0000000795580000, 0x0000000799c80000, 0x00000007c0000000)
  eden space 33280K, 0% used [0x0000000795580000,0x0000000795580000,0x0000000797600000)
  from space 5120K, 2% used [0x0000000797600000,0x0000000797620000,0x0000000797b00000)
  to   space 5120K, 0% used [0x0000000799780000,0x0000000799780000,0x0000000799c80000)
 ParOldGen       total 93184K, used 82794K [0x0000000740000000, 0x0000000745b00000, 0x0000000795580000)
  object space 93184K, 88% used [0x0000000740000000,0x00000007450daaf8,0x0000000745b00000)
 Metaspace       used 20741K, capacity 21652K, committed 21760K, reserved 1069056K
  class space    used 2859K, capacity 3067K, committed 3072K, reserved 1048576K
}
Event: 3.711 GC heap before
{Heap before GC invocations=5 (full 2):
 PSYoungGen      total 38400K, used 128K [0x0000000795580000, 0x0000000799c80000, 0x00000007c0000000)
  eden space 33280K, 0% used [0x0000000795580000,0x0000000795580000,0x0000000797600000)
  from space 5120K, 2% used [0x0000000797600000,0x0000000797620000,0x0000000797b00000)
  to   space 5120K, 0% used [0x0000000799780000,0x0000000799780000,0x0000000799c80000)
 ParOldGen       total 93184K, used 82794K [0x0000000740000000, 0x0000000745b00000, 0x0000000795580000)
  object space 93184K, 88% used [0x0000000740000000,0x00000007450daaf8,0x0000000745b00000)
 Metaspace       used 20741K, capacity 21652K, committed 21760K, reserved 1069056K
  class space    used 2859K, capacity 3067K, committed 3072K, reserved 1048576K
Event: 3.745 GC heap after
Heap after GC invocations=5 (full 2):
 PSYoungGen      total 38400K, used 0K [0x0000000795580000, 0x0000000799c80000, 0x00000007c0000000)
  eden space 33280K, 0% used [0x0000000795580000,0x0000000795580000,0x0000000797600000)
  from space 5120K, 0% used [0x0000000797600000,0x0000000797600000,0x0000000797b00000)
  to   space 5120K, 0% used [0x0000000799780000,0x0000000799780000,0x0000000799c80000)
 ParOldGen       total 181248K, used 33631K [0x0000000740000000, 0x000000074b100000, 0x0000000795580000)
  object space 181248K, 18% used [0x0000000740000000,0x00000007420d7e40,0x000000074b100000)
 Metaspace       used 20741K, capacity 21652K, committed 21760K, reserved 1069056K
  class space    used 2859K, capacity 3067K, committed 3072K, reserved 1048576K
}

