# JRE version: Java(TM) SE Runtime Environment (8.0_121-b13) (build 1.8.0_121-b13)
# Java VM: Java HotSpot(TM) 64-Bit Server VM (25.121-b13 mixed mode bsd-amd64 compressed oops)
Heap:
 PSYoungGen      total 213504K, used 53673K [0x0000000795580000, 0x00000007a6e80000, 0x00000007c0000000)
  eden space 198144K, 27% used [0x0000000795580000,0x00000007989ea640,0x00000007a1700000)
  from space 15360K, 0% used [0x00000007a1700000,0x00000007a1700000,0x00000007a2600000)
  to   space 14848K, 0% used [0x00000007a6000000,0x00000007a6000000,0x00000007a6e80000)
 ParOldGen       total 318976K, used 75742K [0x0000000740000000, 0x0000000753780000, 0x0000000795580000)
  object space 318976K, 23% used [0x0000000740000000,0x00000007449f7bc8,0x0000000753780000)
 Metaspace       used 23942K, capacity 25008K, committed 25344K, reserved 1071104K
  class space    used 3227K, capacity 3463K, committed 3584K, reserved 1048576K
GC Heap History (10 events):
Event: 20.230 GC heap before
{Heap before GC invocations=15 (full 4):
 PSYoungGen      total 164864K, used 151479K [0x0000000795580000, 0x00000007a0700000, 0x00000007c0000000)
  eden space 151040K, 94% used [0x0000000795580000,0x000000079e154e30,0x000000079e900000)
  from space 13824K, 59% used [0x000000079f980000,0x00000007a0199010,0x00000007a0700000)
  to   space 15360K, 0% used [0x000000079e900000,0x000000079e900000,0x000000079f800000)
 ParOldGen       total 256512K, used 181043K [0x0000000740000000, 0x000000074fa80000, 0x0000000795580000)
  object space 256512K, 70% used [0x0000000740000000,0x000000074b0cccc0,0x000000074fa80000)
 Metaspace       used 23855K, capacity 24978K, committed 25216K, reserved 1071104K
  class space    used 3223K, capacity 3456K, committed 3456K, reserved 1048576K
Event: 20.252 GC heap after
Heap after GC invocations=15 (full 4):
 PSYoungGen      total 166400K, used 10317K [0x0000000795580000, 0x00000007a3500000, 0x00000007c0000000)
  eden space 151040K, 0% used [0x0000000795580000,0x0000000795580000,0x000000079e900000)
  from space 15360K, 67% used [0x000000079e900000,0x000000079f313420,0x000000079f800000)
  to   space 15360K, 0% used [0x00000007a2600000,0x00000007a2600000,0x00000007a3500000)
 ParOldGen       total 256512K, used 221575K [0x0000000740000000, 0x000000074fa80000, 0x0000000795580000)
  object space 256512K, 86% used [0x0000000740000000,0x000000074d861d10,0x000000074fa80000)
 Metaspace       used 23855K, capacity 24978K, committed 25216K, reserved 1071104K
  class space    used 3223K, capacity 3456K, committed 3456K, reserved 1048576K
}
Event: 20.252 GC heap before
{Heap before GC invocations=16 (full 5):
 PSYoungGen      total 166400K, used 10317K [0x0000000795580000, 0x00000007a3500000, 0x00000007c0000000)
  eden space 151040K, 0% used [0x0000000795580000,0x0000000795580000,0x000000079e900000)
  from space 15360K, 67% used [0x000000079e900000,0x000000079f313420,0x000000079f800000)
  to   space 15360K, 0% used [0x00000007a2600000,0x00000007a2600000,0x00000007a3500000)
 ParOldGen       total 256512K, used 221575K [0x0000000740000000, 0x000000074fa80000, 0x0000000795580000)
  object space 256512K, 86% used [0x0000000740000000,0x000000074d861d10,0x000000074fa80000)
 Metaspace       used 23855K, capacity 24978K, committed 25216K, reserved 1071104K
  class space    used 3223K, capacity 3456K, committed 3456K, reserved 1048576K
Event: 20.295 GC heap after
Heap after GC invocations=16 (full 5):
 PSYoungGen      total 166400K, used 0K [0x0000000795580000, 0x00000007a3500000, 0x00000007c0000000)
  eden space 151040K, 0% used [0x0000000795580000,0x0000000795580000,0x000000079e900000)
  from space 15360K, 0% used [0x000000079e900000,0x000000079e900000,0x000000079f800000)
  to   space 15360K, 0% used [0x00000007a2600000,0x00000007a2600000,0x00000007a3500000)
 ParOldGen       total 283136K, used 77534K [0x0000000740000000, 0x0000000751480000, 0x0000000795580000)
  object space 283136K, 27% used [0x0000000740000000,0x0000000744bb7940,0x0000000751480000)
 Metaspace       used 23855K, capacity 24978K, committed 25216K, reserved 1071104K
  class space    used 3223K, capacity 3456K, committed 3456K, reserved 1048576K
}
Event: 20.935 GC heap before
{Heap before GC invocations=17 (full 5):
 PSYoungGen      total 166400K, used 148137K [0x0000000795580000, 0x00000007a3500000, 0x00000007c0000000)
  eden space 151040K, 98% used [0x0000000795580000,0x000000079e62a768,0x000000079e900000)
  from space 15360K, 0% used [0x000000079e900000,0x000000079e900000,0x000000079f800000)
  to   space 15360K, 0% used [0x00000007a2600000,0x00000007a2600000,0x00000007a3500000)
 ParOldGen       total 283136K, used 77534K [0x0000000740000000, 0x0000000751480000, 0x0000000795580000)
  object space 283136K, 27% used [0x0000000740000000,0x0000000744bb7940,0x0000000751480000)
 Metaspace       used 23863K, capacity 24978K, committed 25216K, reserved 1071104K
  class space    used 3223K, capacity 3456K, committed 3456K, reserved 1048576K
Event: 20.954 GC heap after
Heap after GC invocations=17 (full 5):
 PSYoungGen      total 213504K, used 8292K [0x0000000795580000, 0x00000007a3580000, 0x00000007c0000000)
  eden space 198144K, 0% used [0x0000000795580000,0x0000000795580000,0x00000007a1700000)
  from space 15360K, 53% used [0x00000007a2600000,0x00000007a2e19010,0x00000007a3500000)
  to   space 15360K, 0% used [0x00000007a1700000,0x00000007a1700000,0x00000007a2600000)
 ParOldGen       total 283136K, used 126142K [0x0000000740000000, 0x0000000751480000, 0x0000000795580000)
  object space 283136K, 44% used [0x0000000740000000,0x0000000747b2f9a0,0x0000000751480000)
 Metaspace       used 23863K, capacity 24978K, committed 25216K, reserved 1071104K
  class space    used 3223K, capacity 3456K, committed 3456K, reserved 1048576K
}
Event: 21.947 GC heap before
{Heap before GC invocations=18 (full 5):
 PSYoungGen      total 213504K, used 200806K [0x0000000795580000, 0x00000007a3580000, 0x00000007c0000000)
  eden space 198144K, 97% used [0x0000000795580000,0x00000007a11809e0,0x00000007a1700000)
  from space 15360K, 53% used [0x00000007a2600000,0x00000007a2e19010,0x00000007a3500000)
  to   space 15360K, 0% used [0x00000007a1700000,0x00000007a1700000,0x00000007a2600000)
 ParOldGen       total 283136K, used 134242K [0x0000000740000000, 0x0000000751480000, 0x0000000795580000)
  object space 283136K, 47% used [0x0000000740000000,0x00000007483189b0,0x0000000751480000)
 Metaspace       used 23865K, capacity 24982K, committed 25216K, reserved 1071104K
  class space    used 3223K, capacity 3456K, committed 3456K, reserved 1048576K
Event: 21.971 GC heap after
Heap after GC invocations=18 (full 5):
 PSYoungGen      total 213504K, used 8356K [0x0000000795580000, 0x00000007a6e80000, 0x00000007c0000000)
  eden space 198144K, 0% used [0x0000000795580000,0x0000000795580000,0x00000007a1700000)
  from space 15360K, 54% used [0x00000007a1700000,0x00000007a1f29010,0x00000007a2600000)
  to   space 14848K, 0% used [0x00000007a6000000,0x00000007a6000000,0x00000007a6e80000)
 ParOldGen       total 283136K, used 199066K [0x0000000740000000, 0x0000000751480000, 0x0000000795580000)
  object space 283136K, 70% used [0x0000000740000000,0x000000074c266a30,0x0000000751480000)
 Metaspace       used 23865K, capacity 24982K, committed 25216K, reserved 1071104K
  class space    used 3223K, capacity 3456K, committed 3456K, reserved 1048576K
}
Event: 25.595 GC heap before
{Heap before GC invocations=19 (full 6):
 PSYoungGen      total 213504K, used 205186K [0x0000000795580000, 0x00000007a6e80000, 0x00000007c0000000)
  eden space 198144K, 99% used [0x0000000795580000,0x00000007a15b7be0,0x00000007a1700000)
  from space 15360K, 54% used [0x00000007a1700000,0x00000007a1f29010,0x00000007a2600000)
  to   space 14848K, 0% used [0x00000007a6000000,0x00000007a6000000,0x00000007a6e80000)
 ParOldGen       total 553472K, used 551417K [0x0000000740000000, 0x0000000761c80000, 0x0000000795580000)
  object space 553472K, 99% used [0x0000000740000000,0x0000000761a7e620,0x0000000761c80000)
 Metaspace       used 23917K, capacity 24982K, committed 25216K, reserved 1071104K
  class space    used 3223K, capacity 3456K, committed 3456K, reserved 1048576K
Event: 25.691 GC heap after
Heap after GC invocations=19 (full 6):
 PSYoungGen      total 213504K, used 0K [0x0000000795580000, 0x00000007a6e80000, 0x00000007c0000000)
  eden space 198144K, 0% used [0x0000000795580000,0x0000000795580000,0x00000007a1700000)
  from space 15360K, 0% used [0x00000007a1700000,0x00000007a1700000,0x00000007a2600000)
  to   space 14848K, 0% used [0x00000007a6000000,0x00000007a6000000,0x00000007a6e80000)
 ParOldGen       total 318976K, used 75742K [0x0000000740000000, 0x0000000753780000, 0x0000000795580000)
  object space 318976K, 23% used [0x0000000740000000,0x00000007449f7bc8,0x0000000753780000)
 Metaspace       used 23917K, capacity 24982K, committed 25216K, reserved 1071104K
  class space    used 3223K, capacity 3456K, committed 3456K, reserved 1048576K
}

