# JRE version: Java(TM) SE Runtime Environment (8.0_121-b13) (build 1.8.0_121-b13)
# Java VM: Java HotSpot(TM) 64-Bit Server VM (25.121-b13 mixed mode bsd-amd64 compressed oops)
Heap:
 PSYoungGen      total 159232K, used 135177K [0x0000000795580000, 0x00000007a1900000, 0x00000007c0000000)
  eden space 153088K, 84% used [0x0000000795580000,0x000000079d3dea10,0x000000079eb00000)
  from space 6144K, 93% used [0x00000007a0380000,0x00000007a0923d50,0x00000007a0980000)
  to   space 12800K, 0% used [0x00000007a0c80000,0x00000007a0c80000,0x00000007a1900000)
 ParOldGen       total 53248K, used 16153K [0x0000000740000000, 0x0000000743400000, 0x0000000795580000)
  object space 53248K, 30% used [0x0000000740000000,0x0000000740fc66d0,0x0000000743400000)
 Metaspace       used 20256K, capacity 21300K, committed 21376K, reserved 1067008K
  class space    used 2671K, capacity 2935K, committed 2944K, reserved 1048576K
GC Heap History (10 events):
Event: 37.351 GC heap before
{Heap before GC invocations=18 (full 0):
 PSYoungGen      total 186368K, used 186268K [0x0000000795580000, 0x00000007a3480000, 0x00000007c0000000)
  eden space 180224K, 99% used [0x0000000795580000,0x00000007a057e5a0,0x00000007a0580000)
  from space 6144K, 98% used [0x00000007a1a00000,0x00000007a1fe8de0,0x00000007a2000000)
  to   space 14848K, 0% used [0x00000007a2600000,0x00000007a2600000,0x00000007a3480000)
 ParOldGen       total 87552K, used 74826K [0x0000000740000000, 0x0000000745580000, 0x0000000795580000)
  object space 87552K, 85% used [0x0000000740000000,0x0000000744912868,0x0000000745580000)
 Metaspace       used 20219K, capacity 21270K, committed 21296K, reserved 1067008K
  class space    used 2667K, capacity 2928K, committed 2944K, reserved 1048576K
Event: 37.357 GC heap after
Heap after GC invocations=18 (full 0):
 PSYoungGen      total 177152K, used 4034K [0x0000000795580000, 0x00000007a2a00000, 0x00000007c0000000)
  eden space 173056K, 0% used [0x0000000795580000,0x0000000795580000,0x000000079fe80000)
  from space 4096K, 98% used [0x00000007a2600000,0x00000007a29f0940,0x00000007a2a00000)
  to   space 14848K, 0% used [0x00000007a0d00000,0x00000007a0d00000,0x00000007a1b80000)
 ParOldGen       total 87552K, used 77819K [0x0000000740000000, 0x0000000745580000, 0x0000000795580000)
  object space 87552K, 88% used [0x0000000740000000,0x0000000744bfef58,0x0000000745580000)
 Metaspace       used 20219K, capacity 21270K, committed 21296K, reserved 1067008K
  class space    used 2667K, capacity 2928K, committed 2944K, reserved 1048576K
}
Event: 39.451 GC heap before
{Heap before GC invocations=19 (full 0):
 PSYoungGen      total 177152K, used 176848K [0x0000000795580000, 0x00000007a2a00000, 0x00000007c0000000)
  eden space 173056K, 99% used [0x0000000795580000,0x000000079fe43868,0x000000079fe80000)
  from space 4096K, 98% used [0x00000007a2600000,0x00000007a29f0940,0x00000007a2a00000)
  to   space 14848K, 0% used [0x00000007a0d00000,0x00000007a0d00000,0x00000007a1b80000)
 ParOldGen       total 87552K, used 77819K [0x0000000740000000, 0x0000000745580000, 0x0000000795580000)
  object space 87552K, 88% used [0x0000000740000000,0x0000000744bfef58,0x0000000745580000)
 Metaspace       used 20224K, capacity 21270K, committed 21296K, reserved 1067008K
  class space    used 2667K, capacity 2928K, committed 2944K, reserved 1048576K
Event: 39.456 GC heap after
Heap after GC invocations=19 (full 0):
 PSYoungGen      total 169472K, used 3333K [0x0000000795580000, 0x00000007a2680000, 0x00000007c0000000)
  eden space 165888K, 0% used [0x0000000795580000,0x0000000795580000,0x000000079f780000)
  from space 3584K, 93% used [0x00000007a0d00000,0x00000007a1041790,0x00000007a1080000)
  to   space 14336K, 0% used [0x00000007a1880000,0x00000007a1880000,0x00000007a2680000)
 ParOldGen       total 87552K, used 80789K [0x0000000740000000, 0x0000000745580000, 0x0000000795580000)
  object space 87552K, 92% used [0x0000000740000000,0x0000000744ee5648,0x0000000745580000)
 Metaspace       used 20224K, capacity 21270K, committed 21296K, reserved 1067008K
  class space    used 2667K, capacity 2928K, committed 2944K, reserved 1048576K
}
Event: 39.456 GC heap before
{Heap before GC invocations=20 (full 1):
 PSYoungGen      total 169472K, used 3333K [0x0000000795580000, 0x00000007a2680000, 0x00000007c0000000)
  eden space 165888K, 0% used [0x0000000795580000,0x0000000795580000,0x000000079f780000)
  from space 3584K, 93% used [0x00000007a0d00000,0x00000007a1041790,0x00000007a1080000)
  to   space 14336K, 0% used [0x00000007a1880000,0x00000007a1880000,0x00000007a2680000)
 ParOldGen       total 87552K, used 80789K [0x0000000740000000, 0x0000000745580000, 0x0000000795580000)
  object space 87552K, 92% used [0x0000000740000000,0x0000000744ee5648,0x0000000745580000)
 Metaspace       used 20224K, capacity 21270K, committed 21296K, reserved 1067008K
  class space    used 2667K, capacity 2928K, committed 2944K, reserved 1048576K
Event: 39.543 GC heap after
Heap after GC invocations=20 (full 1):
 PSYoungGen      total 169472K, used 0K [0x0000000795580000, 0x00000007a2680000, 0x00000007c0000000)
  eden space 165888K, 0% used [0x0000000795580000,0x0000000795580000,0x000000079f780000)
  from space 3584K, 0% used [0x00000007a0d00000,0x00000007a0d00000,0x00000007a1080000)
  to   space 14336K, 0% used [0x00000007a1880000,0x00000007a1880000,0x00000007a2680000)
 ParOldGen       total 53248K, used 12183K [0x0000000740000000, 0x0000000743400000, 0x0000000795580000)
  object space 53248K, 22% used [0x0000000740000000,0x0000000740be5d80,0x0000000743400000)
 Metaspace       used 20224K, capacity 21270K, committed 21296K, reserved 1067008K
  class space    used 2667K, capacity 2928K, committed 2944K, reserved 1048576K
}
Event: 41.359 GC heap before
{Heap before GC invocations=21 (full 1):
 PSYoungGen      total 169472K, used 165163K [0x0000000795580000, 0x00000007a2680000, 0x00000007c0000000)
  eden space 165888K, 99% used [0x0000000795580000,0x000000079f6caf60,0x000000079f780000)
  from space 3584K, 0% used [0x00000007a0d00000,0x00000007a0d00000,0x00000007a1080000)
  to   space 14336K, 0% used [0x00000007a1880000,0x00000007a1880000,0x00000007a2680000)
 ParOldGen       total 53248K, used 12183K [0x0000000740000000, 0x0000000743400000, 0x0000000795580000)
  object space 53248K, 22% used [0x0000000740000000,0x0000000740be5d80,0x0000000743400000)
 Metaspace       used 20226K, capacity 21274K, committed 21296K, reserved 1067008K
  class space    used 2667K, capacity 2928K, committed 2944K, reserved 1048576K
Event: 41.362 GC heap after
Heap after GC invocations=21 (full 1):
 PSYoungGen      total 165376K, used 6051K [0x0000000795580000, 0x00000007a1e80000, 0x00000007c0000000)
  eden space 159232K, 0% used [0x0000000795580000,0x0000000795580000,0x000000079f100000)
  from space 6144K, 98% used [0x00000007a1880000,0x00000007a1e68df0,0x00000007a1e80000)
  to   space 13824K, 0% used [0x00000007a0380000,0x00000007a0380000,0x00000007a1100000)
 ParOldGen       total 53248K, used 12191K [0x0000000740000000, 0x0000000743400000, 0x0000000795580000)
  object space 53248K, 22% used [0x0000000740000000,0x0000000740be7d80,0x0000000743400000)
 Metaspace       used 20226K, capacity 21274K, committed 21296K, reserved 1067008K
  class space    used 2667K, capacity 2928K, committed 2944K, reserved 1048576K
}
Event: 43.266 GC heap before
{Heap before GC invocations=22 (full 1):
 PSYoungGen      total 165376K, used 164639K [0x0000000795580000, 0x00000007a1e80000, 0x00000007c0000000)
  eden space 159232K, 99% used [0x0000000795580000,0x000000079f05f070,0x000000079f100000)
  from space 6144K, 98% used [0x00000007a1880000,0x00000007a1e68df0,0x00000007a1e80000)
  to   space 13824K, 0% used [0x00000007a0380000,0x00000007a0380000,0x00000007a1100000)
 ParOldGen       total 53248K, used 12923K [0x0000000740000000, 0x0000000743400000, 0x0000000795580000)
  object space 53248K, 24% used [0x0000000740000000,0x0000000740c9ef40,0x0000000743400000)
 Metaspace       used 20235K, capacity 21274K, committed 21296K, reserved 1067008K
  class space    used 2667K, capacity 2928K, committed 2944K, reserved 1048576K
Event: 43.273 GC heap after
Heap after GC invocations=22 (full 1):
 PSYoungGen      total 159232K, used 5775K [0x0000000795580000, 0x00000007a1900000, 0x00000007c0000000)
  eden space 153088K, 0% used [0x0000000795580000,0x0000000795580000,0x000000079eb00000)
  from space 6144K, 93% used [0x00000007a0380000,0x00000007a0923d50,0x00000007a0980000)
  to   space 12800K, 0% used [0x00000007a0c80000,0x00000007a0c80000,0x00000007a1900000)
 ParOldGen       total 53248K, used 16153K [0x0000000740000000, 0x0000000743400000, 0x0000000795580000)
  object space 53248K, 30% used [0x0000000740000000,0x0000000740fc66d0,0x0000000743400000)
 Metaspace       used 20235K, capacity 21274K, committed 21296K, reserved 1067008K
  class space    used 2667K, capacity 2928K, committed 2944K, reserved 1048576K
}

