# JRE version: Java(TM) SE Runtime Environment (8.0_121-b13) (build 1.8.0_121-b13)
# Java VM: Java HotSpot(TM) 64-Bit Server VM (25.121-b13 mixed mode bsd-amd64 compressed oops)
Heap:
 PSYoungGen      total 38400K, used 28496K [0x0000000795580000, 0x0000000799c80000, 0x00000007c0000000)
  eden space 33280K, 85% used [0x0000000795580000,0x00000007971543f8,0x0000000797600000)
  from space 5120K, 0% used [0x0000000797600000,0x0000000797600000,0x0000000797b00000)
  to   space 5120K, 0% used [0x0000000799780000,0x0000000799780000,0x0000000799c80000)
 ParOldGen       total 184832K, used 82752K [0x0000000740000000, 0x000000074b480000, 0x0000000795580000)
  object space 184832K, 44% used [0x0000000740000000,0x00000007450d03e0,0x000000074b480000)
 Metaspace       used 22084K, capacity 23034K, committed 23296K, reserved 1069056K
  class space    used 3021K, capacity 3290K, committed 3328K, reserved 1048576K
GC Heap History (10 events):
Event: 5.478 GC heap before
{Heap before GC invocations=1 (full 0):
 PSYoungGen      total 38400K, used 33280K [0x0000000795580000, 0x0000000798000000, 0x00000007c0000000)
  eden space 33280K, 100% used [0x0000000795580000,0x0000000797600000,0x0000000797600000)
  from space 5120K, 0% used [0x0000000797b00000,0x0000000797b00000,0x0000000798000000)
  to   space 5120K, 0% used [0x0000000797600000,0x0000000797600000,0x0000000797b00000)
 ParOldGen       total 87552K, used 0K [0x0000000740000000, 0x0000000745580000, 0x0000000795580000)
  object space 87552K, 0% used [0x0000000740000000,0x0000000740000000,0x0000000745580000)
 Metaspace       used 14583K, capacity 15366K, committed 15616K, reserved 1062912K
  class space    used 2054K, capacity 2258K, committed 2304K, reserved 1048576K
Event: 5.494 GC heap after
Heap after GC invocations=1 (full 0):
 PSYoungGen      total 38400K, used 5099K [0x0000000795580000, 0x0000000798000000, 0x00000007c0000000)
  eden space 33280K, 0% used [0x0000000795580000,0x0000000795580000,0x0000000797600000)
  from space 5120K, 99% used [0x0000000797600000,0x0000000797afaf30,0x0000000797b00000)
  to   space 5120K, 0% used [0x0000000797b00000,0x0000000797b00000,0x0000000798000000)
 ParOldGen       total 87552K, used 232K [0x0000000740000000, 0x0000000745580000, 0x0000000795580000)
  object space 87552K, 0% used [0x0000000740000000,0x000000074003a130,0x0000000745580000)
 Metaspace       used 14583K, capacity 15366K, committed 15616K, reserved 1062912K
  class space    used 2054K, capacity 2258K, committed 2304K, reserved 1048576K
}
Event: 6.389 GC heap before
{Heap before GC invocations=2 (full 0):
 PSYoungGen      total 38400K, used 13965K [0x0000000795580000, 0x0000000798000000, 0x00000007c0000000)
  eden space 33280K, 26% used [0x0000000795580000,0x0000000795e287e0,0x0000000797600000)
  from space 5120K, 99% used [0x0000000797600000,0x0000000797afaf30,0x0000000797b00000)
  to   space 5120K, 0% used [0x0000000797b00000,0x0000000797b00000,0x0000000798000000)
 ParOldGen       total 87552K, used 232K [0x0000000740000000, 0x0000000745580000, 0x0000000795580000)
  object space 87552K, 0% used [0x0000000740000000,0x000000074003a130,0x0000000745580000)
 Metaspace       used 20327K, capacity 21136K, committed 21248K, reserved 1067008K
  class space    used 2800K, capacity 3001K, committed 3072K, reserved 1048576K
Event: 6.407 GC heap after
Heap after GC invocations=2 (full 0):
 PSYoungGen      total 38400K, used 5088K [0x0000000795580000, 0x000000079a080000, 0x00000007c0000000)
  eden space 33280K, 0% used [0x0000000795580000,0x0000000795580000,0x0000000797600000)
  from space 5120K, 99% used [0x0000000797b00000,0x0000000797ff8050,0x0000000798000000)
  to   space 5120K, 0% used [0x0000000797600000,0x0000000797600000,0x0000000797b00000)
 ParOldGen       total 87552K, used 6023K [0x0000000740000000, 0x0000000745580000, 0x0000000795580000)
  object space 87552K, 6% used [0x0000000740000000,0x00000007405e1fd8,0x0000000745580000)
 Metaspace       used 20327K, capacity 21136K, committed 21248K, reserved 1067008K
  class space    used 2800K, capacity 3001K, committed 3072K, reserved 1048576K
}
Event: 6.407 GC heap before
{Heap before GC invocations=3 (full 1):
 PSYoungGen      total 38400K, used 5088K [0x0000000795580000, 0x000000079a080000, 0x00000007c0000000)
  eden space 33280K, 0% used [0x0000000795580000,0x0000000795580000,0x0000000797600000)
  from space 5120K, 99% used [0x0000000797b00000,0x0000000797ff8050,0x0000000798000000)
  to   space 5120K, 0% used [0x0000000797600000,0x0000000797600000,0x0000000797b00000)
 ParOldGen       total 87552K, used 6023K [0x0000000740000000, 0x0000000745580000, 0x0000000795580000)
  object space 87552K, 6% used [0x0000000740000000,0x00000007405e1fd8,0x0000000745580000)
 Metaspace       used 20327K, capacity 21136K, committed 21248K, reserved 1067008K
  class space    used 2800K, capacity 3001K, committed 3072K, reserved 1048576K
Event: 6.465 GC heap after
Heap after GC invocations=3 (full 1):
 PSYoungGen      total 38400K, used 0K [0x0000000795580000, 0x000000079a080000, 0x00000007c0000000)
  eden space 33280K, 0% used [0x0000000795580000,0x0000000795580000,0x0000000797600000)
  from space 5120K, 0% used [0x0000000797b00000,0x0000000797b00000,0x0000000798000000)
  to   space 5120K, 0% used [0x0000000797600000,0x0000000797600000,0x0000000797b00000)
 ParOldGen       total 65024K, used 8831K [0x0000000740000000, 0x0000000743f80000, 0x0000000795580000)
  object space 65024K, 13% used [0x0000000740000000,0x000000074089fde0,0x0000000743f80000)
 Metaspace       used 20327K, capacity 21136K, committed 21248K, reserved 1067008K
  class space    used 2800K, capacity 3001K, committed 3072K, reserved 1048576K
}
Event: 6.634 GC heap before
{Heap before GC invocations=4 (full 1):
 PSYoungGen      total 38400K, used 33280K [0x0000000795580000, 0x000000079a080000, 0x00000007c0000000)
  eden space 33280K, 100% used [0x0000000795580000,0x0000000797600000,0x0000000797600000)
  from space 5120K, 0% used [0x0000000797b00000,0x0000000797b00000,0x0000000798000000)
  to   space 5120K, 0% used [0x0000000797600000,0x0000000797600000,0x0000000797b00000)
 ParOldGen       total 65024K, used 8831K [0x0000000740000000, 0x0000000743f80000, 0x0000000795580000)
  object space 65024K, 13% used [0x0000000740000000,0x000000074089fde0,0x0000000743f80000)
 Metaspace       used 20594K, capacity 21424K, committed 21504K, reserved 1067008K
  class space    used 2822K, capacity 3033K, committed 3072K, reserved 1048576K
Event: 6.680 GC heap after
Heap after GC invocations=4 (full 1):
 PSYoungGen      total 38400K, used 128K [0x0000000795580000, 0x0000000799c80000, 0x00000007c0000000)
  eden space 33280K, 0% used [0x0000000795580000,0x0000000795580000,0x0000000797600000)
  from space 5120K, 2% used [0x0000000797600000,0x0000000797620000,0x0000000797b00000)
  to   space 5120K, 0% used [0x0000000799780000,0x0000000799780000,0x0000000799c80000)
 ParOldGen       total 90112K, used 82698K [0x0000000740000000, 0x0000000745800000, 0x0000000795580000)
  object space 90112K, 91% used [0x0000000740000000,0x00000007450c2858,0x0000000745800000)
 Metaspace       used 20594K, capacity 21424K, committed 21504K, reserved 1067008K
  class space    used 2822K, capacity 3033K, committed 3072K, reserved 1048576K
}
Event: 6.680 GC heap before
{Heap before GC invocations=5 (full 2):
 PSYoungGen      total 38400K, used 128K [0x0000000795580000, 0x0000000799c80000, 0x00000007c0000000)
  eden space 33280K, 0% used [0x0000000795580000,0x0000000795580000,0x0000000797600000)
  from space 5120K, 2% used [0x0000000797600000,0x0000000797620000,0x0000000797b00000)
  to   space 5120K, 0% used [0x0000000799780000,0x0000000799780000,0x0000000799c80000)
 ParOldGen       total 90112K, used 82698K [0x0000000740000000, 0x0000000745800000, 0x0000000795580000)
  object space 90112K, 91% used [0x0000000740000000,0x00000007450c2858,0x0000000745800000)
 Metaspace       used 20594K, capacity 21424K, committed 21504K, reserved 1067008K
  class space    used 2822K, capacity 3033K, committed 3072K, reserved 1048576K
Event: 6.714 GC heap after
Heap after GC invocations=5 (full 2):
 PSYoungGen      total 38400K, used 0K [0x0000000795580000, 0x0000000799c80000, 0x00000007c0000000)
  eden space 33280K, 0% used [0x0000000795580000,0x0000000795580000,0x0000000797600000)
  from space 5120K, 0% used [0x0000000797600000,0x0000000797600000,0x0000000797b00000)
  to   space 5120K, 0% used [0x0000000799780000,0x0000000799780000,0x0000000799c80000)
 ParOldGen       total 184832K, used 33513K [0x0000000740000000, 0x000000074b480000, 0x0000000795580000)
  object space 184832K, 18% used [0x0000000740000000,0x00000007420ba790,0x000000074b480000)
 Metaspace       used 20594K, capacity 21424K, committed 21504K, reserved 1067008K
  class space    used 2822K, capacity 3033K, committed 3072K, reserved 1048576K
}

