# JRE version: Java(TM) SE Runtime Environment (8.0_121-b13) (build 1.8.0_121-b13)
# Java VM: Java HotSpot(TM) 64-Bit Server VM (25.121-b13 mixed mode bsd-amd64 compressed oops)
Heap:
 PSYoungGen      total 165376K, used 23866K [0x0000000795580000, 0x00000007a4f80000, 0x00000007c0000000)
  eden space 153088K, 14% used [0x0000000795580000,0x0000000796b6dd90,0x000000079eb00000)
  from space 12288K, 11% used [0x000000079eb00000,0x000000079ec60c50,0x000000079f700000)
  to   space 11776K, 0% used [0x00000007a4400000,0x00000007a4400000,0x00000007a4f80000)
 ParOldGen       total 52224K, used 12762K [0x0000000740000000, 0x0000000743300000, 0x0000000795580000)
  object space 52224K, 24% used [0x0000000740000000,0x0000000740c76a08,0x0000000743300000)
 Metaspace       used 20612K, capacity 21630K, committed 21760K, reserved 1069056K
  class space    used 2788K, capacity 3024K, committed 3072K, reserved 1048576K
GC Heap History (10 events):
Event: 17.496 GC heap before
{Heap before GC invocations=10 (full 1):
 PSYoungGen      total 75264K, used 65007K [0x0000000795580000, 0x000000079ac80000, 0x00000007c0000000)
  eden space 63488K, 99% used [0x0000000795580000,0x0000000799360998,0x0000000799380000)
  from space 11776K, 13% used [0x000000079a100000,0x000000079a29b460,0x000000079ac80000)
  to   space 12800K, 0% used [0x0000000799380000,0x0000000799380000,0x000000079a000000)
 ParOldGen       total 52224K, used 10342K [0x0000000740000000, 0x0000000743300000, 0x0000000795580000)
  object space 52224K, 19% used [0x0000000740000000,0x0000000740a19b78,0x0000000743300000)
 Metaspace       used 20283K, capacity 21318K, committed 21504K, reserved 1067008K
  class space    used 2782K, capacity 3016K, committed 3072K, reserved 1048576K
Event: 17.500 GC heap after
Heap after GC invocations=10 (full 1):
 PSYoungGen      total 76288K, used 1264K [0x0000000795580000, 0x000000079d080000, 0x00000007c0000000)
  eden space 63488K, 0% used [0x0000000795580000,0x0000000795580000,0x0000000799380000)
  from space 12800K, 9% used [0x0000000799380000,0x00000007994bc240,0x000000079a000000)
  to   space 12800K, 0% used [0x000000079c400000,0x000000079c400000,0x000000079d080000)
 ParOldGen       total 52224K, used 10350K [0x0000000740000000, 0x0000000743300000, 0x0000000795580000)
  object space 52224K, 19% used [0x0000000740000000,0x0000000740a1bb78,0x0000000743300000)
 Metaspace       used 20283K, capacity 21318K, committed 21504K, reserved 1067008K
  class space    used 2782K, capacity 3016K, committed 3072K, reserved 1048576K
}
Event: 20.203 GC heap before
{Heap before GC invocations=11 (full 1):
 PSYoungGen      total 76288K, used 64544K [0x0000000795580000, 0x000000079d080000, 0x00000007c0000000)
  eden space 63488K, 99% used [0x0000000795580000,0x000000079934bf40,0x0000000799380000)
  from space 12800K, 9% used [0x0000000799380000,0x00000007994bc240,0x000000079a000000)
  to   space 12800K, 0% used [0x000000079c400000,0x000000079c400000,0x000000079d080000)
 ParOldGen       total 52224K, used 10350K [0x0000000740000000, 0x0000000743300000, 0x0000000795580000)
  object space 52224K, 19% used [0x0000000740000000,0x0000000740a1bb78,0x0000000743300000)
 Metaspace       used 20322K, capacity 21318K, committed 21504K, reserved 1067008K
  class space    used 2782K, capacity 3016K, committed 3072K, reserved 1048576K
Event: 20.206 GC heap after
Heap after GC invocations=11 (full 1):
 PSYoungGen      total 112128K, used 1626K [0x0000000795580000, 0x000000079d000000, 0x00000007c0000000)
  eden space 99840K, 0% used [0x0000000795580000,0x0000000795580000,0x000000079b700000)
  from space 12288K, 13% used [0x000000079c400000,0x000000079c596a60,0x000000079d000000)
  to   space 12800K, 0% used [0x000000079b700000,0x000000079b700000,0x000000079c380000)
 ParOldGen       total 52224K, used 10382K [0x0000000740000000, 0x0000000743300000, 0x0000000795580000)
  object space 52224K, 19% used [0x0000000740000000,0x0000000740a23b78,0x0000000743300000)
 Metaspace       used 20322K, capacity 21318K, committed 21504K, reserved 1067008K
  class space    used 2782K, capacity 3016K, committed 3072K, reserved 1048576K
}
Event: 24.594 GC heap before
{Heap before GC invocations=12 (full 1):
 PSYoungGen      total 112128K, used 101466K [0x0000000795580000, 0x000000079d000000, 0x00000007c0000000)
  eden space 99840K, 100% used [0x0000000795580000,0x000000079b700000,0x000000079b700000)
  from space 12288K, 13% used [0x000000079c400000,0x000000079c596a60,0x000000079d000000)
  to   space 12800K, 0% used [0x000000079b700000,0x000000079b700000,0x000000079c380000)
 ParOldGen       total 52224K, used 10382K [0x0000000740000000, 0x0000000743300000, 0x0000000795580000)
  object space 52224K, 19% used [0x0000000740000000,0x0000000740a23b78,0x0000000743300000)
 Metaspace       used 20450K, capacity 21448K, committed 21760K, reserved 1069056K
  class space    used 2783K, capacity 3017K, committed 3072K, reserved 1048576K
Event: 24.596 GC heap after
Heap after GC invocations=12 (full 1):
 PSYoungGen      total 112640K, used 1049K [0x0000000795580000, 0x00000007a0480000, 0x00000007c0000000)
  eden space 99840K, 0% used [0x0000000795580000,0x0000000795580000,0x000000079b700000)
  from space 12800K, 8% used [0x000000079b700000,0x000000079b806440,0x000000079c380000)
  to   space 12288K, 0% used [0x000000079f880000,0x000000079f880000,0x00000007a0480000)
 ParOldGen       total 52224K, used 11189K [0x0000000740000000, 0x0000000743300000, 0x0000000795580000)
  object space 52224K, 21% used [0x0000000740000000,0x0000000740aed5a8,0x0000000743300000)
 Metaspace       used 20450K, capacity 21448K, committed 21760K, reserved 1069056K
  class space    used 2783K, capacity 3017K, committed 3072K, reserved 1048576K
}
Event: 28.896 GC heap before
{Heap before GC invocations=13 (full 1):
 PSYoungGen      total 112640K, used 100756K [0x0000000795580000, 0x00000007a0480000, 0x00000007c0000000)
  eden space 99840K, 99% used [0x0000000795580000,0x000000079b6dec40,0x000000079b700000)
  from space 12800K, 8% used [0x000000079b700000,0x000000079b806440,0x000000079c380000)
  to   space 12288K, 0% used [0x000000079f880000,0x000000079f880000,0x00000007a0480000)
 ParOldGen       total 52224K, used 11189K [0x0000000740000000, 0x0000000743300000, 0x0000000795580000)
  object space 52224K, 21% used [0x0000000740000000,0x0000000740aed5a8,0x0000000743300000)
 Metaspace       used 20524K, capacity 21540K, committed 21760K, reserved 1069056K
  class space    used 2784K, capacity 3017K, committed 3072K, reserved 1048576K
Event: 28.898 GC heap after
Heap after GC invocations=13 (full 1):
 PSYoungGen      total 163840K, used 1264K [0x0000000795580000, 0x00000007a0300000, 0x00000007c0000000)
  eden space 153088K, 0% used [0x0000000795580000,0x0000000795580000,0x000000079eb00000)
  from space 10752K, 11% used [0x000000079f880000,0x000000079f9bc240,0x00000007a0300000)
  to   space 12288K, 0% used [0x000000079eb00000,0x000000079eb00000,0x000000079f700000)
 ParOldGen       total 52224K, used 11979K [0x0000000740000000, 0x0000000743300000, 0x0000000795580000)
  object space 52224K, 22% used [0x0000000740000000,0x0000000740bb2fd8,0x0000000743300000)
 Metaspace       used 20524K, capacity 21540K, committed 21760K, reserved 1069056K
  class space    used 2784K, capacity 3017K, committed 3072K, reserved 1048576K
}
Event: 35.501 GC heap before
{Heap before GC invocations=14 (full 1):
 PSYoungGen      total 163840K, used 154352K [0x0000000795580000, 0x00000007a0300000, 0x00000007c0000000)
  eden space 153088K, 100% used [0x0000000795580000,0x000000079eb00000,0x000000079eb00000)
  from space 10752K, 11% used [0x000000079f880000,0x000000079f9bc240,0x00000007a0300000)
  to   space 12288K, 0% used [0x000000079eb00000,0x000000079eb00000,0x000000079f700000)
 ParOldGen       total 52224K, used 11979K [0x0000000740000000, 0x0000000743300000, 0x0000000795580000)
  object space 52224K, 22% used [0x0000000740000000,0x0000000740bb2fd8,0x0000000743300000)
 Metaspace       used 20598K, capacity 21604K, committed 21760K, reserved 1069056K
  class space    used 2784K, capacity 3017K, committed 3072K, reserved 1048576K
Event: 35.505 GC heap after
Heap after GC invocations=14 (full 1):
 PSYoungGen      total 165376K, used 1411K [0x0000000795580000, 0x00000007a4f80000, 0x00000007c0000000)
  eden space 153088K, 0% used [0x0000000795580000,0x0000000795580000,0x000000079eb00000)
  from space 12288K, 11% used [0x000000079eb00000,0x000000079ec60c50,0x000000079f700000)
  to   space 11776K, 0% used [0x00000007a4400000,0x00000007a4400000,0x00000007a4f80000)
 ParOldGen       total 52224K, used 12762K [0x0000000740000000, 0x0000000743300000, 0x0000000795580000)
  object space 52224K, 24% used [0x0000000740000000,0x0000000740c76a08,0x0000000743300000)
 Metaspace       used 20598K, capacity 21604K, committed 21760K, reserved 1069056K
  class space    used 2784K, capacity 3017K, committed 3072K, reserved 1048576K
}

