# JRE version: Java(TM) SE Runtime Environment (8.0_121-b13) (build 1.8.0_121-b13)
# Java VM: Java HotSpot(TM) 64-Bit Server VM (25.121-b13 mixed mode bsd-amd64 compressed oops)
Heap:
 PSYoungGen      total 501760K, used 457937K [0x0000000795580000, 0x00000007baa00000, 0x00000007c0000000)
  eden space 410624K, 95% used [0x0000000795580000,0x00000007ad524720,0x00000007ae680000)
  from space 91136K, 71% used [0x00000007b4400000,0x00000007b8390080,0x00000007b9d00000)
  to   space 95744K, 0% used [0x00000007ae680000,0x00000007ae680000,0x00000007b4400000)
 ParOldGen       total 379392K, used 181030K [0x0000000740000000, 0x0000000757280000, 0x0000000795580000)
  object space 379392K, 47% used [0x0000000740000000,0x000000074b0c9a18,0x0000000757280000)
 Metaspace       used 24245K, capacity 25298K, committed 25600K, reserved 1071104K
  class space    used 3243K, capacity 3496K, committed 3584K, reserved 1048576K
GC Heap History (10 events):
Event: 31.345 GC heap before
{Heap before GC invocations=25 (full 7):
 PSYoungGen      total 344576K, used 312326K [0x0000000795580000, 0x00000007b2400000, 0x00000007c0000000)
  eden space 267264K, 97% used [0x0000000795580000,0x00000007a54c9560,0x00000007a5a80000)
  from space 77312K, 65% used [0x00000007a5a80000,0x00000007a8c38470,0x00000007aa600000)
  to   space 80896K, 0% used [0x00000007ad500000,0x00000007ad500000,0x00000007b2400000)
 ParOldGen       total 379392K, used 180998K [0x0000000740000000, 0x0000000757280000, 0x0000000795580000)
  object space 379392K, 47% used [0x0000000740000000,0x000000074b0c1a18,0x0000000757280000)
 Metaspace       used 24094K, capacity 25112K, committed 25344K, reserved 1071104K
  class space    used 3222K, capacity 3457K, committed 3584K, reserved 1048576K
Event: 31.385 GC heap after
Heap after GC invocations=25 (full 7):
 PSYoungGen      total 387584K, used 58981K [0x0000000795580000, 0x00000007b3180000, 0x00000007c0000000)
  eden space 306688K, 0% used [0x0000000795580000,0x0000000795580000,0x00000007a8100000)
  from space 80896K, 72% used [0x00000007ad500000,0x00000007b0e99480,0x00000007b2400000)
  to   space 86016K, 0% used [0x00000007a8100000,0x00000007a8100000,0x00000007ad500000)
 ParOldGen       total 379392K, used 180998K [0x0000000740000000, 0x0000000757280000, 0x0000000795580000)
  object space 379392K, 47% used [0x0000000740000000,0x000000074b0c1a18,0x0000000757280000)
 Metaspace       used 24094K, capacity 25112K, committed 25344K, reserved 1071104K
  class space    used 3222K, capacity 3457K, committed 3584K, reserved 1048576K
}
Event: 32.813 GC heap before
{Heap before GC invocations=26 (full 7):
 PSYoungGen      total 387584K, used 365563K [0x0000000795580000, 0x00000007b3180000, 0x00000007c0000000)
  eden space 306688K, 99% used [0x0000000795580000,0x00000007a80e5b10,0x00000007a8100000)
  from space 80896K, 72% used [0x00000007ad500000,0x00000007b0e99480,0x00000007b2400000)
  to   space 86016K, 0% used [0x00000007a8100000,0x00000007a8100000,0x00000007ad500000)
 ParOldGen       total 379392K, used 180998K [0x0000000740000000, 0x0000000757280000, 0x0000000795580000)
  object space 379392K, 47% used [0x0000000740000000,0x000000074b0c1a18,0x0000000757280000)
 Metaspace       used 24094K, capacity 25112K, committed 25344K, reserved 1071104K
  class space    used 3222K, capacity 3457K, committed 3584K, reserved 1048576K
Event: 32.836 GC heap after
Heap after GC invocations=26 (full 7):
 PSYoungGen      total 392704K, used 56988K [0x0000000795580000, 0x00000007b6380000, 0x00000007c0000000)
  eden space 306688K, 0% used [0x0000000795580000,0x0000000795580000,0x00000007a8100000)
  from space 86016K, 66% used [0x00000007a8100000,0x00000007ab8a7070,0x00000007ad500000)
  to   space 89600K, 0% used [0x00000007b0c00000,0x00000007b0c00000,0x00000007b6380000)
 ParOldGen       total 379392K, used 181006K [0x0000000740000000, 0x0000000757280000, 0x0000000795580000)
  object space 379392K, 47% used [0x0000000740000000,0x000000074b0c3a18,0x0000000757280000)
 Metaspace       used 24094K, capacity 25112K, committed 25344K, reserved 1071104K
  class space    used 3222K, capacity 3457K, committed 3584K, reserved 1048576K
}
Event: 34.329 GC heap before
{Heap before GC invocations=27 (full 7):
 PSYoungGen      total 392704K, used 359329K [0x0000000795580000, 0x00000007b6380000, 0x00000007c0000000)
  eden space 306688K, 98% used [0x0000000795580000,0x00000007a7cc1608,0x00000007a8100000)
  from space 86016K, 66% used [0x00000007a8100000,0x00000007ab8a7070,0x00000007ad500000)
  to   space 89600K, 0% used [0x00000007b0c00000,0x00000007b0c00000,0x00000007b6380000)
 ParOldGen       total 379392K, used 181006K [0x0000000740000000, 0x0000000757280000, 0x0000000795580000)
  object space 379392K, 47% used [0x0000000740000000,0x000000074b0c3a18,0x0000000757280000)
 Metaspace       used 24112K, capacity 25176K, committed 25344K, reserved 1071104K
  class space    used 3222K, capacity 3457K, committed 3584K, reserved 1048576K
Event: 34.357 GC heap after
Heap after GC invocations=27 (full 7):
 PSYoungGen      total 444928K, used 48888K [0x0000000795580000, 0x00000007b6100000, 0x00000007c0000000)
  eden space 357888K, 0% used [0x0000000795580000,0x0000000795580000,0x00000007ab300000)
  from space 87040K, 56% used [0x00000007b0c00000,0x00000007b3bbe060,0x00000007b6100000)
  to   space 89088K, 0% used [0x00000007ab300000,0x00000007ab300000,0x00000007b0a00000)
 ParOldGen       total 379392K, used 181014K [0x0000000740000000, 0x0000000757280000, 0x0000000795580000)
  object space 379392K, 47% used [0x0000000740000000,0x000000074b0c5a18,0x0000000757280000)
 Metaspace       used 24112K, capacity 25176K, committed 25344K, reserved 1071104K
  class space    used 3222K, capacity 3457K, committed 3584K, reserved 1048576K
}
Event: 35.872 GC heap before
{Heap before GC invocations=28 (full 7):
 PSYoungGen      total 444928K, used 398723K [0x0000000795580000, 0x00000007b6100000, 0x00000007c0000000)
  eden space 357888K, 97% used [0x0000000795580000,0x00000007aab22d48,0x00000007ab300000)
  from space 87040K, 56% used [0x00000007b0c00000,0x00000007b3bbe060,0x00000007b6100000)
  to   space 89088K, 0% used [0x00000007ab300000,0x00000007ab300000,0x00000007b0a00000)
 ParOldGen       total 379392K, used 181014K [0x0000000740000000, 0x0000000757280000, 0x0000000795580000)
  object space 379392K, 47% used [0x0000000740000000,0x000000074b0c5a18,0x0000000757280000)
 Metaspace       used 24115K, capacity 25176K, committed 25344K, reserved 1071104K
  class space    used 3222K, capacity 3457K, committed 3584K, reserved 1048576K
Event: 35.896 GC heap after
Heap after GC invocations=28 (full 7):
 PSYoungGen      total 446976K, used 56988K [0x0000000795580000, 0x00000007b9d00000, 0x00000007c0000000)
  eden space 357888K, 0% used [0x0000000795580000,0x0000000795580000,0x00000007ab300000)
  from space 89088K, 63% used [0x00000007ab300000,0x00000007aeaa7070,0x00000007b0a00000)
  to   space 91136K, 0% used [0x00000007b4400000,0x00000007b4400000,0x00000007b9d00000)
 ParOldGen       total 379392K, used 181022K [0x0000000740000000, 0x0000000757280000, 0x0000000795580000)
  object space 379392K, 47% used [0x0000000740000000,0x000000074b0c7a18,0x0000000757280000)
 Metaspace       used 24115K, capacity 25176K, committed 25344K, reserved 1071104K
  class space    used 3222K, capacity 3457K, committed 3584K, reserved 1048576K
}
Event: 37.446 GC heap before
{Heap before GC invocations=29 (full 7):
 PSYoungGen      total 446976K, used 406973K [0x0000000795580000, 0x00000007b9d00000, 0x00000007c0000000)
  eden space 357888K, 97% used [0x0000000795580000,0x00000007aab484b8,0x00000007ab300000)
  from space 89088K, 63% used [0x00000007ab300000,0x00000007aeaa7070,0x00000007b0a00000)
  to   space 91136K, 0% used [0x00000007b4400000,0x00000007b4400000,0x00000007b9d00000)
 ParOldGen       total 379392K, used 181022K [0x0000000740000000, 0x0000000757280000, 0x0000000795580000)
  object space 379392K, 47% used [0x0000000740000000,0x000000074b0c7a18,0x0000000757280000)
 Metaspace       used 24134K, capacity 25176K, committed 25344K, reserved 1071104K
  class space    used 3222K, capacity 3457K, committed 3584K, reserved 1048576K
Event: 37.494 GC heap after
Heap after GC invocations=29 (full 7):
 PSYoungGen      total 501760K, used 65088K [0x0000000795580000, 0x00000007baa00000, 0x00000007c0000000)
  eden space 410624K, 0% used [0x0000000795580000,0x0000000795580000,0x00000007ae680000)
  from space 91136K, 71% used [0x00000007b4400000,0x00000007b8390080,0x00000007b9d00000)
  to   space 95744K, 0% used [0x00000007ae680000,0x00000007ae680000,0x00000007b4400000)
 ParOldGen       total 379392K, used 181030K [0x0000000740000000, 0x0000000757280000, 0x0000000795580000)
  object space 379392K, 47% used [0x0000000740000000,0x000000074b0c9a18,0x0000000757280000)
 Metaspace       used 24134K, capacity 25176K, committed 25344K, reserved 1071104K
  class space    used 3222K, capacity 3457K, committed 3584K, reserved 1048576K
}

