# JRE version: Java(TM) SE Runtime Environment (8.0_121-b13) (build 1.8.0_121-b13)
# Java VM: Java HotSpot(TM) 64-Bit Server VM (25.121-b13 mixed mode bsd-amd64 compressed oops)
Heap:
 PSYoungGen      total 117248K, used 91849K [0x0000000795580000, 0x000000079d500000, 0x00000007c0000000)
  eden space 104448K, 79% used [0x0000000795580000,0x000000079a711498,0x000000079bb80000)
  from space 12800K, 65% used [0x000000079c800000,0x000000079d021280,0x000000079d480000)
  to   space 12800K, 0% used [0x000000079bb80000,0x000000079bb80000,0x000000079c800000)
 ParOldGen       total 187392K, used 122489K [0x0000000740000000, 0x000000074b700000, 0x0000000795580000)
  object space 187392K, 65% used [0x0000000740000000,0x000000074779e688,0x000000074b700000)
 Metaspace       used 24612K, capacity 25644K, committed 25856K, reserved 1071104K
  class space    used 3229K, capacity 3463K, committed 3584K, reserved 1048576K
GC Heap History (10 events):
Event: 77.635 GC heap before
{Heap before GC invocations=32 (full 2):
 PSYoungGen      total 114688K, used 103472K [0x0000000795580000, 0x000000079d400000, 0x00000007c0000000)
  eden space 101888K, 99% used [0x0000000795580000,0x000000079b8ffe78,0x000000079b900000)
  from space 12800K, 12% used [0x000000079b900000,0x000000079ba8c250,0x000000079c580000)
  to   space 13312K, 0% used [0x000000079c700000,0x000000079c700000,0x000000079d400000)
 ParOldGen       total 187392K, used 111657K [0x0000000740000000, 0x000000074b700000, 0x0000000795580000)
  object space 187392K, 59% used [0x0000000740000000,0x0000000746d0a5e0,0x000000074b700000)
 Metaspace       used 24564K, capacity 25618K, committed 25728K, reserved 1071104K
  class space    used 3225K, capacity 3456K, committed 3456K, reserved 1048576K
Event: 77.639 GC heap after
Heap after GC invocations=32 (full 2):
 PSYoungGen      total 115200K, used 5426K [0x0000000795580000, 0x000000079d300000, 0x00000007c0000000)
  eden space 102912K, 0% used [0x0000000795580000,0x0000000795580000,0x000000079ba00000)
  from space 12288K, 44% used [0x000000079c700000,0x000000079cc4cb90,0x000000079d300000)
  to   space 12800K, 0% used [0x000000079ba00000,0x000000079ba00000,0x000000079c680000)
 ParOldGen       total 187392K, used 111681K [0x0000000740000000, 0x000000074b700000, 0x0000000795580000)
  object space 187392K, 59% used [0x0000000740000000,0x0000000746d105e0,0x000000074b700000)
 Metaspace       used 24564K, capacity 25618K, committed 25728K, reserved 1071104K
  class space    used 3225K, capacity 3456K, committed 3456K, reserved 1048576K
}
Event: 80.665 GC heap before
{Heap before GC invocations=33 (full 2):
 PSYoungGen      total 115200K, used 108338K [0x0000000795580000, 0x000000079d300000, 0x00000007c0000000)
  eden space 102912K, 100% used [0x0000000795580000,0x000000079ba00000,0x000000079ba00000)
  from space 12288K, 44% used [0x000000079c700000,0x000000079cc4cb90,0x000000079d300000)
  to   space 12800K, 0% used [0x000000079ba00000,0x000000079ba00000,0x000000079c680000)
 ParOldGen       total 187392K, used 122425K [0x0000000740000000, 0x000000074b700000, 0x0000000795580000)
  object space 187392K, 65% used [0x0000000740000000,0x000000074778e688,0x000000074b700000)
 Metaspace       used 24565K, capacity 25618K, committed 25728K, reserved 1071104K
  class space    used 3225K, capacity 3456K, committed 3456K, reserved 1048576K
Event: 80.668 GC heap after
Heap after GC invocations=33 (full 2):
 PSYoungGen      total 115712K, used 608K [0x0000000795580000, 0x000000079d600000, 0x00000007c0000000)
  eden space 102912K, 0% used [0x0000000795580000,0x0000000795580000,0x000000079ba00000)
  from space 12800K, 4% used [0x000000079ba00000,0x000000079ba98000,0x000000079c680000)
  to   space 13824K, 0% used [0x000000079c880000,0x000000079c880000,0x000000079d600000)
 ParOldGen       total 187392K, used 122441K [0x0000000740000000, 0x000000074b700000, 0x0000000795580000)
  object space 187392K, 65% used [0x0000000740000000,0x0000000747792688,0x000000074b700000)
 Metaspace       used 24565K, capacity 25618K, committed 25728K, reserved 1071104K
  class space    used 3225K, capacity 3456K, committed 3456K, reserved 1048576K
}
Event: 83.663 GC heap before
{Heap before GC invocations=34 (full 2):
 PSYoungGen      total 115712K, used 103353K [0x0000000795580000, 0x000000079d600000, 0x00000007c0000000)
  eden space 102912K, 99% used [0x0000000795580000,0x000000079b9d6510,0x000000079ba00000)
  from space 12800K, 4% used [0x000000079ba00000,0x000000079ba98000,0x000000079c680000)
  to   space 13824K, 0% used [0x000000079c880000,0x000000079c880000,0x000000079d600000)
 ParOldGen       total 187392K, used 122441K [0x0000000740000000, 0x000000074b700000, 0x0000000795580000)
  object space 187392K, 65% used [0x0000000740000000,0x0000000747792688,0x000000074b700000)
 Metaspace       used 24567K, capacity 25618K, committed 25728K, reserved 1071104K
  class space    used 3225K, capacity 3456K, committed 3456K, reserved 1048576K
Event: 83.668 GC heap after
Heap after GC invocations=34 (full 2):
 PSYoungGen      total 116736K, used 5458K [0x0000000795580000, 0x000000079d500000, 0x00000007c0000000)
  eden space 103936K, 0% used [0x0000000795580000,0x0000000795580000,0x000000079bb00000)
  from space 12800K, 42% used [0x000000079c880000,0x000000079cdd4b90,0x000000079d500000)
  to   space 13312K, 0% used [0x000000079bb00000,0x000000079bb00000,0x000000079c800000)
 ParOldGen       total 187392K, used 122457K [0x0000000740000000, 0x000000074b700000, 0x0000000795580000)
  object space 187392K, 65% used [0x0000000740000000,0x0000000747796688,0x000000074b700000)
 Metaspace       used 24567K, capacity 25618K, committed 25728K, reserved 1071104K
  class space    used 3225K, capacity 3456K, committed 3456K, reserved 1048576K
}
Event: 86.669 GC heap before
{Heap before GC invocations=35 (full 2):
 PSYoungGen      total 116736K, used 108751K [0x0000000795580000, 0x000000079d500000, 0x00000007c0000000)
  eden space 103936K, 99% used [0x0000000795580000,0x000000079ba5f428,0x000000079bb00000)
  from space 12800K, 42% used [0x000000079c880000,0x000000079cdd4b90,0x000000079d500000)
  to   space 13312K, 0% used [0x000000079bb00000,0x000000079bb00000,0x000000079c800000)
 ParOldGen       total 187392K, used 122457K [0x0000000740000000, 0x000000074b700000, 0x0000000795580000)
  object space 187392K, 65% used [0x0000000740000000,0x0000000747796688,0x000000074b700000)
 Metaspace       used 24573K, capacity 25618K, committed 25728K, reserved 1071104K
  class space    used 3225K, capacity 3456K, committed 3456K, reserved 1048576K
Event: 86.673 GC heap after
Heap after GC invocations=35 (full 2):
 PSYoungGen      total 117248K, used 6711K [0x0000000795580000, 0x000000079d480000, 0x00000007c0000000)
  eden space 103936K, 0% used [0x0000000795580000,0x0000000795580000,0x000000079bb00000)
  from space 13312K, 50% used [0x000000079bb00000,0x000000079c18de80,0x000000079c800000)
  to   space 12800K, 0% used [0x000000079c800000,0x000000079c800000,0x000000079d480000)
 ParOldGen       total 187392K, used 122481K [0x0000000740000000, 0x000000074b700000, 0x0000000795580000)
  object space 187392K, 65% used [0x0000000740000000,0x000000074779c688,0x000000074b700000)
 Metaspace       used 24573K, capacity 25618K, committed 25728K, reserved 1071104K
  class space    used 3225K, capacity 3456K, committed 3456K, reserved 1048576K
}
Event: 89.326 GC heap before
{Heap before GC invocations=36 (full 2):
 PSYoungGen      total 117248K, used 110351K [0x0000000795580000, 0x000000079d480000, 0x00000007c0000000)
  eden space 103936K, 99% used [0x0000000795580000,0x000000079bab6038,0x000000079bb00000)
  from space 13312K, 50% used [0x000000079bb00000,0x000000079c18de80,0x000000079c800000)
  to   space 12800K, 0% used [0x000000079c800000,0x000000079c800000,0x000000079d480000)
 ParOldGen       total 187392K, used 122481K [0x0000000740000000, 0x000000074b700000, 0x0000000795580000)
  object space 187392K, 65% used [0x0000000740000000,0x000000074779c688,0x000000074b700000)
 Metaspace       used 24581K, capacity 25618K, committed 25728K, reserved 1071104K
  class space    used 3225K, capacity 3456K, committed 3456K, reserved 1048576K
Event: 89.332 GC heap after
Heap after GC invocations=36 (full 2):
 PSYoungGen      total 117248K, used 8324K [0x0000000795580000, 0x000000079d500000, 0x00000007c0000000)
  eden space 104448K, 0% used [0x0000000795580000,0x0000000795580000,0x000000079bb80000)
  from space 12800K, 65% used [0x000000079c800000,0x000000079d021280,0x000000079d480000)
  to   space 12800K, 0% used [0x000000079bb80000,0x000000079bb80000,0x000000079c800000)
 ParOldGen       total 187392K, used 122489K [0x0000000740000000, 0x000000074b700000, 0x0000000795580000)
  object space 187392K, 65% used [0x0000000740000000,0x000000074779e688,0x000000074b700000)
 Metaspace       used 24581K, capacity 25618K, committed 25728K, reserved 1071104K
  class space    used 3225K, capacity 3456K, committed 3456K, reserved 1048576K
}

