# JRE version: Java(TM) SE Runtime Environment (8.0_121-b13) (build 1.8.0_121-b13)
# Java VM: Java HotSpot(TM) 64-Bit Server VM (25.121-b13 mixed mode bsd-amd64 compressed oops)
Heap:
 PSYoungGen      total 457728K, used 135496K [0x0000000795580000, 0x00000007b2e80000, 0x00000007c0000000)
  eden space 442368K, 29% used [0x0000000795580000,0x000000079d680ad0,0x00000007b0580000)
  from space 15360K, 22% used [0x00000007b1480000,0x00000007b17d1790,0x00000007b2380000)
  to   space 15360K, 0% used [0x00000007b0580000,0x00000007b0580000,0x00000007b1480000)
 ParOldGen       total 60928K, used 18061K [0x0000000740000000, 0x0000000743b80000, 0x0000000795580000)
  object space 60928K, 29% used [0x0000000740000000,0x00000007411a3638,0x0000000743b80000)
 Metaspace       used 20665K, capacity 21798K, committed 22140K, reserved 1069056K
  class space    used 2795K, capacity 3034K, committed 3072K, reserved 1048576K
GC Heap History (10 events):
Event: 16.487 GC heap before
{Heap before GC invocations=11 (full 0):
 PSYoungGen      total 224256K, used 183796K [0x0000000795580000, 0x00000007a4000000, 0x00000007c0000000)
  eden space 208384K, 86% used [0x0000000795580000,0x00000007a0531a48,0x00000007a2100000)
  from space 15872K, 24% used [0x00000007a3080000,0x00000007a344b8d0,0x00000007a4000000)
  to   space 15872K, 0% used [0x00000007a2100000,0x00000007a2100000,0x00000007a3080000)
 ParOldGen       total 87552K, used 59587K [0x0000000740000000, 0x0000000745580000, 0x0000000795580000)
  object space 87552K, 68% used [0x0000000740000000,0x0000000743a30ea8,0x0000000745580000)
 Metaspace       used 20437K, capacity 21452K, committed 21628K, reserved 1069056K
  class space    used 2791K, capacity 3027K, committed 3072K, reserved 1048576K
Event: 16.493 GC heap after
Heap after GC invocations=11 (full 0):
 PSYoungGen      total 224256K, used 4098K [0x0000000795580000, 0x00000007aba80000, 0x00000007c0000000)
  eden space 208384K, 0% used [0x0000000795580000,0x0000000795580000,0x00000007a2100000)
  from space 15872K, 25% used [0x00000007a2100000,0x00000007a2500940,0x00000007a3080000)
  to   space 15872K, 0% used [0x00000007aab00000,0x00000007aab00000,0x00000007aba80000)
 ParOldGen       total 87552K, used 62605K [0x0000000740000000, 0x0000000745580000, 0x0000000795580000)
  object space 87552K, 71% used [0x0000000740000000,0x0000000743d23598,0x0000000745580000)
 Metaspace       used 20437K, capacity 21452K, committed 21628K, reserved 1069056K
  class space    used 2791K, capacity 3027K, committed 3072K, reserved 1048576K
}
Event: 16.493 GC heap before
{Heap before GC invocations=12 (full 1):
 PSYoungGen      total 224256K, used 4098K [0x0000000795580000, 0x00000007aba80000, 0x00000007c0000000)
  eden space 208384K, 0% used [0x0000000795580000,0x0000000795580000,0x00000007a2100000)
  from space 15872K, 25% used [0x00000007a2100000,0x00000007a2500940,0x00000007a3080000)
  to   space 15872K, 0% used [0x00000007aab00000,0x00000007aab00000,0x00000007aba80000)
 ParOldGen       total 87552K, used 62605K [0x0000000740000000, 0x0000000745580000, 0x0000000795580000)
  object space 87552K, 71% used [0x0000000740000000,0x0000000743d23598,0x0000000745580000)
 Metaspace       used 20437K, capacity 21452K, committed 21628K, reserved 1069056K
  class space    used 2791K, capacity 3027K, committed 3072K, reserved 1048576K
Event: 16.551 GC heap after
Heap after GC invocations=12 (full 1):
 PSYoungGen      total 224256K, used 0K [0x0000000795580000, 0x00000007aba80000, 0x00000007c0000000)
  eden space 208384K, 0% used [0x0000000795580000,0x0000000795580000,0x00000007a2100000)
  from space 15872K, 0% used [0x00000007a2100000,0x00000007a2100000,0x00000007a3080000)
  to   space 15872K, 0% used [0x00000007aab00000,0x00000007aab00000,0x00000007aba80000)
 ParOldGen       total 60928K, used 13074K [0x0000000740000000, 0x0000000743b80000, 0x0000000795580000)
  object space 60928K, 21% used [0x0000000740000000,0x0000000740cc4aa8,0x0000000743b80000)
 Metaspace       used 20437K, capacity 21452K, committed 21628K, reserved 1069056K
  class space    used 2791K, capacity 3027K, committed 3072K, reserved 1048576K
}
Event: 18.987 GC heap before
{Heap before GC invocations=13 (full 1):
 PSYoungGen      total 224256K, used 207547K [0x0000000795580000, 0x00000007aba80000, 0x00000007c0000000)
  eden space 208384K, 99% used [0x0000000795580000,0x00000007a202ed08,0x00000007a2100000)
  from space 15872K, 0% used [0x00000007a2100000,0x00000007a2100000,0x00000007a3080000)
  to   space 15872K, 0% used [0x00000007aab00000,0x00000007aab00000,0x00000007aba80000)
 ParOldGen       total 60928K, used 13074K [0x0000000740000000, 0x0000000743b80000, 0x0000000795580000)
  object space 60928K, 21% used [0x0000000740000000,0x0000000740cc4aa8,0x0000000743b80000)
 Metaspace       used 20480K, capacity 21580K, committed 21884K, reserved 1069056K
  class space    used 2791K, capacity 3027K, committed 3072K, reserved 1048576K
Event: 18.993 GC heap after
Heap after GC invocations=13 (full 1):
 PSYoungGen      total 310272K, used 3333K [0x0000000795580000, 0x00000007aae80000, 0x00000007c0000000)
  eden space 306688K, 0% used [0x0000000795580000,0x0000000795580000,0x00000007a8100000)
  from space 3584K, 93% used [0x00000007aab00000,0x00000007aae41790,0x00000007aae80000)
  to   space 15872K, 0% used [0x00000007a8f80000,0x00000007a8f80000,0x00000007a9f00000)
 ParOldGen       total 60928K, used 13082K [0x0000000740000000, 0x0000000743b80000, 0x0000000795580000)
  object space 60928K, 21% used [0x0000000740000000,0x0000000740cc6aa8,0x0000000743b80000)
 Metaspace       used 20480K, capacity 21580K, committed 21884K, reserved 1069056K
  class space    used 2791K, capacity 3027K, committed 3072K, reserved 1048576K
}
Event: 22.602 GC heap before
{Heap before GC invocations=14 (full 1):
 PSYoungGen      total 310272K, used 309781K [0x0000000795580000, 0x00000007aae80000, 0x00000007c0000000)
  eden space 306688K, 99% used [0x0000000795580000,0x00000007a80c3f38,0x00000007a8100000)
  from space 3584K, 93% used [0x00000007aab00000,0x00000007aae41790,0x00000007aae80000)
  to   space 15872K, 0% used [0x00000007a8f80000,0x00000007a8f80000,0x00000007a9f00000)
 ParOldGen       total 60928K, used 13082K [0x0000000740000000, 0x0000000743b80000, 0x0000000795580000)
  object space 60928K, 21% used [0x0000000740000000,0x0000000740cc6aa8,0x0000000743b80000)
 Metaspace       used 20542K, capacity 21580K, committed 21884K, reserved 1069056K
  class space    used 2791K, capacity 3027K, committed 3072K, reserved 1048576K
Event: 22.609 GC heap after
Heap after GC invocations=14 (full 1):
 PSYoungGen      total 337408K, used 4098K [0x0000000795580000, 0x00000007b2380000, 0x00000007c0000000)
  eden space 321536K, 0% used [0x0000000795580000,0x0000000795580000,0x00000007a8f80000)
  from space 15872K, 25% used [0x00000007a8f80000,0x00000007a9380940,0x00000007a9f00000)
  to   space 15360K, 0% used [0x00000007b1480000,0x00000007b1480000,0x00000007b2380000)
 ParOldGen       total 60928K, used 16060K [0x0000000740000000, 0x0000000743b80000, 0x0000000795580000)
  object space 60928K, 26% used [0x0000000740000000,0x0000000740faf198,0x0000000743b80000)
 Metaspace       used 20542K, capacity 21580K, committed 21884K, reserved 1069056K
  class space    used 2791K, capacity 3027K, committed 3072K, reserved 1048576K
}
Event: 26.485 GC heap before
{Heap before GC invocations=15 (full 1):
 PSYoungGen      total 337408K, used 325620K [0x0000000795580000, 0x00000007b2380000, 0x00000007c0000000)
  eden space 321536K, 99% used [0x0000000795580000,0x00000007a8f7c708,0x00000007a8f80000)
  from space 15872K, 25% used [0x00000007a8f80000,0x00000007a9380940,0x00000007a9f00000)
  to   space 15360K, 0% used [0x00000007b1480000,0x00000007b1480000,0x00000007b2380000)
 ParOldGen       total 60928K, used 16060K [0x0000000740000000, 0x0000000743b80000, 0x0000000795580000)
  object space 60928K, 26% used [0x0000000740000000,0x0000000740faf198,0x0000000743b80000)
 Metaspace       used 20650K, capacity 21708K, committed 21884K, reserved 1069056K
  class space    used 2791K, capacity 3027K, committed 3072K, reserved 1048576K
Event: 26.489 GC heap after
Heap after GC invocations=15 (full 1):
 PSYoungGen      total 457728K, used 3397K [0x0000000795580000, 0x00000007b2e80000, 0x00000007c0000000)
  eden space 442368K, 0% used [0x0000000795580000,0x0000000795580000,0x00000007b0580000)
  from space 15360K, 22% used [0x00000007b1480000,0x00000007b17d1790,0x00000007b2380000)
  to   space 15360K, 0% used [0x00000007b0580000,0x00000007b0580000,0x00000007b1480000)
 ParOldGen       total 60928K, used 18061K [0x0000000740000000, 0x0000000743b80000, 0x0000000795580000)
  object space 60928K, 29% used [0x0000000740000000,0x00000007411a3638,0x0000000743b80000)
 Metaspace       used 20650K, capacity 21708K, committed 21884K, reserved 1069056K
  class space    used 2791K, capacity 3027K, committed 3072K, reserved 1048576K
}

