# JRE version: Java(TM) SE Runtime Environment (8.0_121-b13) (build 1.8.0_121-b13)
# Java VM: Java HotSpot(TM) 64-Bit Server VM (25.121-b13 mixed mode bsd-amd64 compressed oops)
Heap:
 PSYoungGen      total 296960K, used 71835K [0x0000000795580000, 0x00000007b4900000, 0x00000007c0000000)
  eden space 291840K, 22% used [0x0000000795580000,0x00000007996d56f8,0x00000007a7280000)
  from space 5120K, 96% used [0x00000007b3680000,0x00000007b3b517a0,0x00000007b3b80000)
  to   space 12800K, 0% used [0x00000007b3c80000,0x00000007b3c80000,0x00000007b4900000)
 ParOldGen       total 69632K, used 24123K [0x0000000740000000, 0x0000000744400000, 0x0000000795580000)
  object space 69632K, 34% used [0x0000000740000000,0x000000074178ecc8,0x0000000744400000)
 Metaspace       used 21363K, capacity 22438K, committed 22528K, reserved 1069056K
  class space    used 2794K, capacity 3028K, committed 3072K, reserved 1048576K
GC Heap History (10 events):
Event: 48.249 GC heap before
{Heap before GC invocations=18 (full 1):
 PSYoungGen      total 368640K, used 368465K [0x0000000795580000, 0x00000007b6700000, 0x00000007c0000000)
  eden space 365056K, 100% used [0x0000000795580000,0x00000007aba00000,0x00000007aba00000)
  from space 3584K, 95% used [0x00000007b6380000,0x00000007b66d46f0,0x00000007b6700000)
  to   space 15360K, 0% used [0x00000007b4900000,0x00000007b4900000,0x00000007b5800000)
 ParOldGen       total 69632K, used 24115K [0x0000000740000000, 0x0000000744400000, 0x0000000795580000)
  object space 69632K, 34% used [0x0000000740000000,0x000000074178ccc8,0x0000000744400000)
 Metaspace       used 21151K, capacity 22236K, committed 22528K, reserved 1069056K
  class space    used 2791K, capacity 3027K, committed 3072K, reserved 1048576K
Event: 48.253 GC heap after
Heap after GC invocations=18 (full 1):
 PSYoungGen      total 352256K, used 3473K [0x0000000795580000, 0x00000007b6400000, 0x00000007c0000000)
  eden space 348672K, 0% used [0x0000000795580000,0x0000000795580000,0x00000007aaa00000)
  from space 3584K, 96% used [0x00000007b4900000,0x00000007b4c646f0,0x00000007b4c80000)
  to   space 14848K, 0% used [0x00000007b5580000,0x00000007b5580000,0x00000007b6400000)
 ParOldGen       total 69632K, used 24115K [0x0000000740000000, 0x0000000744400000, 0x0000000795580000)
  object space 69632K, 34% used [0x0000000740000000,0x000000074178ccc8,0x0000000744400000)
 Metaspace       used 21151K, capacity 22236K, committed 22528K, reserved 1069056K
  class space    used 2791K, capacity 3027K, committed 3072K, reserved 1048576K
}
Event: 52.445 GC heap before
{Heap before GC invocations=19 (full 1):
 PSYoungGen      total 352256K, used 351421K [0x0000000795580000, 0x00000007b6400000, 0x00000007c0000000)
  eden space 348672K, 99% used [0x0000000795580000,0x00000007aa94af58,0x00000007aaa00000)
  from space 3584K, 96% used [0x00000007b4900000,0x00000007b4c646f0,0x00000007b4c80000)
  to   space 14848K, 0% used [0x00000007b5580000,0x00000007b5580000,0x00000007b6400000)
 ParOldGen       total 69632K, used 24115K [0x0000000740000000, 0x0000000744400000, 0x0000000795580000)
  object space 69632K, 34% used [0x0000000740000000,0x000000074178ccc8,0x0000000744400000)
 Metaspace       used 21169K, capacity 22236K, committed 22528K, reserved 1069056K
  class space    used 2791K, capacity 3027K, committed 3072K, reserved 1048576K
Event: 52.450 GC heap after
Heap after GC invocations=19 (full 1):
 PSYoungGen      total 338944K, used 5458K [0x0000000795580000, 0x00000007b5b00000, 0x00000007c0000000)
  eden space 333312K, 0% used [0x0000000795580000,0x0000000795580000,0x00000007a9b00000)
  from space 5632K, 96% used [0x00000007b5580000,0x00000007b5ad4b90,0x00000007b5b00000)
  to   space 14336K, 0% used [0x00000007b3f00000,0x00000007b3f00000,0x00000007b4d00000)
 ParOldGen       total 69632K, used 24123K [0x0000000740000000, 0x0000000744400000, 0x0000000795580000)
  object space 69632K, 34% used [0x0000000740000000,0x000000074178ecc8,0x0000000744400000)
 Metaspace       used 21169K, capacity 22236K, committed 22528K, reserved 1069056K
  class space    used 2791K, capacity 3027K, committed 3072K, reserved 1048576K
}
Event: 59.730 GC heap before
{Heap before GC invocations=20 (full 1):
 PSYoungGen      total 338944K, used 338642K [0x0000000795580000, 0x00000007b5b00000, 0x00000007c0000000)
  eden space 333312K, 99% used [0x0000000795580000,0x00000007a9adfd30,0x00000007a9b00000)
  from space 5632K, 96% used [0x00000007b5580000,0x00000007b5ad4b90,0x00000007b5b00000)
  to   space 14336K, 0% used [0x00000007b3f00000,0x00000007b3f00000,0x00000007b4d00000)
 ParOldGen       total 69632K, used 24123K [0x0000000740000000, 0x0000000744400000, 0x0000000795580000)
  object space 69632K, 34% used [0x0000000740000000,0x000000074178ecc8,0x0000000744400000)
 Metaspace       used 21217K, capacity 22300K, committed 22528K, reserved 1069056K
  class space    used 2792K, capacity 3027K, committed 3072K, reserved 1048576K
Event: 59.736 GC heap after
Heap after GC invocations=20 (full 1):
 PSYoungGen      total 325120K, used 5846K [0x0000000795580000, 0x00000007b5600000, 0x00000007c0000000)
  eden space 318976K, 0% used [0x0000000795580000,0x0000000795580000,0x00000007a8d00000)
  from space 6144K, 95% used [0x00000007b3f00000,0x00000007b44b59f0,0x00000007b4500000)
  to   space 13824K, 0% used [0x00000007b4880000,0x00000007b4880000,0x00000007b5600000)
 ParOldGen       total 69632K, used 24123K [0x0000000740000000, 0x0000000744400000, 0x0000000795580000)
  object space 69632K, 34% used [0x0000000740000000,0x000000074178ecc8,0x0000000744400000)
 Metaspace       used 21217K, capacity 22300K, committed 22528K, reserved 1069056K
  class space    used 2792K, capacity 3027K, committed 3072K, reserved 1048576K
}
Event: 79.068 GC heap before
{Heap before GC invocations=21 (full 1):
 PSYoungGen      total 325120K, used 324596K [0x0000000795580000, 0x00000007b5600000, 0x00000007c0000000)
  eden space 318976K, 99% used [0x0000000795580000,0x00000007a8cc7790,0x00000007a8d00000)
  from space 6144K, 95% used [0x00000007b3f00000,0x00000007b44b59f0,0x00000007b4500000)
  to   space 13824K, 0% used [0x00000007b4880000,0x00000007b4880000,0x00000007b5600000)
 ParOldGen       total 69632K, used 24123K [0x0000000740000000, 0x0000000744400000, 0x0000000795580000)
  object space 69632K, 34% used [0x0000000740000000,0x000000074178ecc8,0x0000000744400000)
 Metaspace       used 21313K, capacity 22370K, committed 22528K, reserved 1069056K
  class space    used 2794K, capacity 3028K, committed 3072K, reserved 1048576K
Event: 79.073 GC heap after
Heap after GC invocations=21 (full 1):
 PSYoungGen      total 312320K, used 6674K [0x0000000795580000, 0x00000007b4f80000, 0x00000007c0000000)
  eden space 305152K, 0% used [0x0000000795580000,0x0000000795580000,0x00000007a7f80000)
  from space 7168K, 93% used [0x00000007b4880000,0x00000007b4f04ba0,0x00000007b4f80000)
  to   space 12800K, 0% used [0x00000007b3680000,0x00000007b3680000,0x00000007b4300000)
 ParOldGen       total 69632K, used 24123K [0x0000000740000000, 0x0000000744400000, 0x0000000795580000)
  object space 69632K, 34% used [0x0000000740000000,0x000000074178ecc8,0x0000000744400000)
 Metaspace       used 21313K, capacity 22370K, committed 22528K, reserved 1069056K
  class space    used 2794K, capacity 3028K, committed 3072K, reserved 1048576K
}
Event: 84.312 GC heap before
{Heap before GC invocations=22 (full 1):
 PSYoungGen      total 312320K, used 311315K [0x0000000795580000, 0x00000007b4f80000, 0x00000007c0000000)
  eden space 305152K, 99% used [0x0000000795580000,0x00000007a7f00378,0x00000007a7f80000)
  from space 7168K, 93% used [0x00000007b4880000,0x00000007b4f04ba0,0x00000007b4f80000)
  to   space 12800K, 0% used [0x00000007b3680000,0x00000007b3680000,0x00000007b4300000)
 ParOldGen       total 69632K, used 24123K [0x0000000740000000, 0x0000000744400000, 0x0000000795580000)
  object space 69632K, 34% used [0x0000000740000000,0x000000074178ecc8,0x0000000744400000)
 Metaspace       used 21334K, capacity 22370K, committed 22528K, reserved 1069056K
  class space    used 2794K, capacity 3028K, committed 3072K, reserved 1048576K
Event: 84.317 GC heap after
Heap after GC invocations=22 (full 1):
 PSYoungGen      total 296960K, used 4933K [0x0000000795580000, 0x00000007b4900000, 0x00000007c0000000)
  eden space 291840K, 0% used [0x0000000795580000,0x0000000795580000,0x00000007a7280000)
  from space 5120K, 96% used [0x00000007b3680000,0x00000007b3b517a0,0x00000007b3b80000)
  to   space 12800K, 0% used [0x00000007b3c80000,0x00000007b3c80000,0x00000007b4900000)
 ParOldGen       total 69632K, used 24123K [0x0000000740000000, 0x0000000744400000, 0x0000000795580000)
  object space 69632K, 34% used [0x0000000740000000,0x000000074178ecc8,0x0000000744400000)
 Metaspace       used 21334K, capacity 22370K, committed 22528K, reserved 1069056K
  class space    used 2794K, capacity 3028K, committed 3072K, reserved 1048576K
}

