# JRE version: Java(TM) SE Runtime Environment (8.0_121-b13) (build 1.8.0_121-b13)
# Java VM: Java HotSpot(TM) 64-Bit Server VM (25.121-b13 mixed mode bsd-amd64 compressed oops)
Heap:
 PSYoungGen      total 621056K, used 157381K [0x0000000795580000, 0x00000007bf800000, 0x00000007c0000000)
  eden space 549376K, 20% used [0x0000000795580000,0x000000079c54a108,0x00000007b6e00000)
  from space 71680K, 59% used [0x00000007b6e00000,0x00000007b97e7460,0x00000007bb400000)
  to   space 69120K, 0% used [0x00000007bb480000,0x00000007bb480000,0x00000007bf800000)
 ParOldGen       total 338432K, used 181004K [0x0000000740000000, 0x0000000754a80000, 0x0000000795580000)
  object space 338432K, 53% used [0x0000000740000000,0x000000074b0c3208,0x0000000754a80000)
 Metaspace       used 24431K, capacity 25526K, committed 25856K, reserved 1071104K
  class space    used 3225K, capacity 3464K, committed 3584K, reserved 1048576K
GC Heap History (10 events):
Event: 58.842 GC heap before
{Heap before GC invocations=40 (full 9):
 PSYoungGen      total 619008K, used 598348K [0x0000000795580000, 0x00000007c0000000, 0x00000007c0000000)
  eden space 546304K, 99% used [0x0000000795580000,0x00000007b660bfc8,0x00000007b6b00000)
  from space 72704K, 78% used [0x00000007bb900000,0x00000007bf0c7070,0x00000007c0000000)
  to   space 76288K, 0% used [0x00000007b6b00000,0x00000007b6b00000,0x00000007bb580000)
 ParOldGen       total 338432K, used 180988K [0x0000000740000000, 0x0000000754a80000, 0x0000000795580000)
  object space 338432K, 53% used [0x0000000740000000,0x000000074b0bf208,0x0000000754a80000)
 Metaspace       used 24400K, capacity 25500K, committed 25856K, reserved 1071104K
  class space    used 3222K, capacity 3457K, committed 3584K, reserved 1048576K
Event: 58.865 GC heap after
Heap after GC invocations=40 (full 9):
 PSYoungGen      total 597504K, used 51041K [0x0000000795580000, 0x00000007c0000000, 0x00000007c0000000)
  eden space 546304K, 0% used [0x0000000795580000,0x0000000795580000,0x00000007b6b00000)
  from space 51200K, 99% used [0x00000007b6b00000,0x00000007b9cd8470,0x00000007b9d00000)
  to   space 76800K, 0% used [0x00000007bb500000,0x00000007bb500000,0x00000007c0000000)
 ParOldGen       total 338432K, used 180996K [0x0000000740000000, 0x0000000754a80000, 0x0000000795580000)
  object space 338432K, 53% used [0x0000000740000000,0x000000074b0c1208,0x0000000754a80000)
 Metaspace       used 24400K, capacity 25500K, committed 25856K, reserved 1071104K
  class space    used 3222K, capacity 3457K, committed 3584K, reserved 1048576K
}
Event: 62.376 GC heap before
{Heap before GC invocations=41 (full 9):
 PSYoungGen      total 597504K, used 596425K [0x0000000795580000, 0x00000007c0000000, 0x00000007c0000000)
  eden space 546304K, 99% used [0x0000000795580000,0x00000007b6a1a010,0x00000007b6b00000)
  from space 51200K, 99% used [0x00000007b6b00000,0x00000007b9cd8470,0x00000007b9d00000)
  to   space 76800K, 0% used [0x00000007bb500000,0x00000007bb500000,0x00000007c0000000)
 ParOldGen       total 338432K, used 180996K [0x0000000740000000, 0x0000000754a80000, 0x0000000795580000)
  object space 338432K, 53% used [0x0000000740000000,0x000000074b0c1208,0x0000000754a80000)
 Metaspace       used 24400K, capacity 25500K, committed 25856K, reserved 1071104K
  class space    used 3222K, capacity 3457K, committed 3584K, reserved 1048576K
Event: 62.395 GC heap after
Heap after GC invocations=41 (full 9):
 PSYoungGen      total 623104K, used 49016K [0x0000000795580000, 0x00000007c0000000, 0x00000007c0000000)
  eden space 546304K, 0% used [0x0000000795580000,0x0000000795580000,0x00000007b6b00000)
  from space 76800K, 63% used [0x00000007bb500000,0x00000007be4de060,0x00000007c0000000)
  to   space 75776K, 0% used [0x00000007b6b00000,0x00000007b6b00000,0x00000007bb500000)
 ParOldGen       total 338432K, used 181004K [0x0000000740000000, 0x0000000754a80000, 0x0000000795580000)
  object space 338432K, 53% used [0x0000000740000000,0x000000074b0c3208,0x0000000754a80000)
 Metaspace       used 24400K, capacity 25500K, committed 25856K, reserved 1071104K
  class space    used 3222K, capacity 3457K, committed 3584K, reserved 1048576K
}
Event: 65.322 GC heap before
{Heap before GC invocations=42 (full 9):
 PSYoungGen      total 623104K, used 590366K [0x0000000795580000, 0x00000007c0000000, 0x00000007c0000000)
  eden space 546304K, 99% used [0x0000000795580000,0x00000007b6629aa8,0x00000007b6b00000)
  from space 76800K, 63% used [0x00000007bb500000,0x00000007be4de060,0x00000007c0000000)
  to   space 75776K, 0% used [0x00000007b6b00000,0x00000007b6b00000,0x00000007bb500000)
 ParOldGen       total 338432K, used 181004K [0x0000000740000000, 0x0000000754a80000, 0x0000000795580000)
  object space 338432K, 53% used [0x0000000740000000,0x000000074b0c3208,0x0000000754a80000)
 Metaspace       used 24407K, capacity 25500K, committed 25856K, reserved 1071104K
  class space    used 3222K, capacity 3457K, committed 3584K, reserved 1048576K
Event: 65.351 GC heap after
Heap after GC invocations=42 (full 9):
 PSYoungGen      total 595456K, used 49016K [0x0000000795580000, 0x00000007bfd00000, 0x00000007c0000000)
  eden space 546304K, 0% used [0x0000000795580000,0x0000000795580000,0x00000007b6b00000)
  from space 49152K, 99% used [0x00000007b6b00000,0x00000007b9ade060,0x00000007b9b00000)
  to   space 74752K, 0% used [0x00000007bb400000,0x00000007bb400000,0x00000007bfd00000)
 ParOldGen       total 338432K, used 181004K [0x0000000740000000, 0x0000000754a80000, 0x0000000795580000)
  object space 338432K, 53% used [0x0000000740000000,0x000000074b0c3208,0x0000000754a80000)
 Metaspace       used 24407K, capacity 25500K, committed 25856K, reserved 1071104K
  class space    used 3222K, capacity 3457K, committed 3584K, reserved 1048576K
}
Event: 68.243 GC heap before
{Heap before GC invocations=43 (full 9):
 PSYoungGen      total 595456K, used 590206K [0x0000000795580000, 0x00000007bfd00000, 0x00000007c0000000)
  eden space 546304K, 99% used [0x0000000795580000,0x00000007b6601b10,0x00000007b6b00000)
  from space 49152K, 99% used [0x00000007b6b00000,0x00000007b9ade060,0x00000007b9b00000)
  to   space 74752K, 0% used [0x00000007bb400000,0x00000007bb400000,0x00000007bfd00000)
 ParOldGen       total 338432K, used 181004K [0x0000000740000000, 0x0000000754a80000, 0x0000000795580000)
  object space 338432K, 53% used [0x0000000740000000,0x000000074b0c3208,0x0000000754a80000)
 Metaspace       used 24407K, capacity 25500K, committed 25856K, reserved 1071104K
  class space    used 3222K, capacity 3457K, committed 3584K, reserved 1048576K
Event: 68.258 GC heap after
Heap after GC invocations=43 (full 9):
 PSYoungGen      total 624128K, used 42941K [0x0000000795580000, 0x00000007c0000000, 0x00000007c0000000)
  eden space 549376K, 0% used [0x0000000795580000,0x0000000795580000,0x00000007b6e00000)
  from space 74752K, 57% used [0x00000007bb400000,0x00000007bddef460,0x00000007bfd00000)
  to   space 71680K, 0% used [0x00000007b6e00000,0x00000007b6e00000,0x00000007bb400000)
 ParOldGen       total 338432K, used 181004K [0x0000000740000000, 0x0000000754a80000, 0x0000000795580000)
  object space 338432K, 53% used [0x0000000740000000,0x000000074b0c3208,0x0000000754a80000)
 Metaspace       used 24407K, capacity 25500K, committed 25856K, reserved 1071104K
  class space    used 3222K, capacity 3457K, committed 3584K, reserved 1048576K
}
Event: 71.193 GC heap before
{Heap before GC invocations=44 (full 9):
 PSYoungGen      total 624128K, used 592317K [0x0000000795580000, 0x00000007c0000000, 0x00000007c0000000)
  eden space 549376K, 100% used [0x0000000795580000,0x00000007b6e00000,0x00000007b6e00000)
  from space 74752K, 57% used [0x00000007bb400000,0x00000007bddef460,0x00000007bfd00000)
  to   space 71680K, 0% used [0x00000007b6e00000,0x00000007b6e00000,0x00000007bb400000)
 ParOldGen       total 338432K, used 181004K [0x0000000740000000, 0x0000000754a80000, 0x0000000795580000)
  object space 338432K, 53% used [0x0000000740000000,0x000000074b0c3208,0x0000000754a80000)
 Metaspace       used 24418K, capacity 25500K, committed 25856K, reserved 1071104K
  class space    used 3222K, capacity 3457K, committed 3584K, reserved 1048576K
Event: 71.208 GC heap after
Heap after GC invocations=44 (full 9):
 PSYoungGen      total 621056K, used 42909K [0x0000000795580000, 0x00000007bf800000, 0x00000007c0000000)
  eden space 549376K, 0% used [0x0000000795580000,0x0000000795580000,0x00000007b6e00000)
  from space 71680K, 59% used [0x00000007b6e00000,0x00000007b97e7460,0x00000007bb400000)
  to   space 69120K, 0% used [0x00000007bb480000,0x00000007bb480000,0x00000007bf800000)
 ParOldGen       total 338432K, used 181004K [0x0000000740000000, 0x0000000754a80000, 0x0000000795580000)
  object space 338432K, 53% used [0x0000000740000000,0x000000074b0c3208,0x0000000754a80000)
 Metaspace       used 24418K, capacity 25500K, committed 25856K, reserved 1071104K
  class space    used 3222K, capacity 3457K, committed 3584K, reserved 1048576K
}

