# JRE version: Java(TM) SE Runtime Environment (8.0_121-b13) (build 1.8.0_121-b13)
# Java VM: Java HotSpot(TM) 64-Bit Server VM (25.121-b13 mixed mode bsd-amd64 compressed oops)
Heap:
 PSYoungGen      total 212480K, used 39339K [0x0000000795580000, 0x00000007a8080000, 0x00000007c0000000)
  eden space 187904K, 7% used [0x0000000795580000,0x00000007963fffc8,0x00000007a0d00000)
  from space 24576K, 99% used [0x00000007a0d00000,0x00000007a24eb030,0x00000007a2500000)
  to   space 28672K, 0% used [0x00000007a6480000,0x00000007a6480000,0x00000007a8080000)
 ParOldGen       total 288256K, used 116003K [0x0000000740000000, 0x0000000751980000, 0x0000000795580000)
  object space 288256K, 40% used [0x0000000740000000,0x0000000747148d88,0x0000000751980000)
 Metaspace       used 23860K, capacity 24932K, committed 25088K, reserved 1071104K
  class space    used 3226K, capacity 3463K, committed 3584K, reserved 1048576K
GC Heap History (10 events):
Event: 17.811 GC heap before
{Heap before GC invocations=14 (full 4):
 PSYoungGen      total 124416K, used 105541K [0x0000000795580000, 0x00000007a0900000, 0x00000007c0000000)
  eden space 107008K, 98% used [0x0000000795580000,0x000000079bc916e8,0x000000079be00000)
  from space 17408K, 0% used [0x000000079be00000,0x000000079be00000,0x000000079cf00000)
  to   space 19456K, 0% used [0x000000079f600000,0x000000079f600000,0x00000007a0900000)
 ParOldGen       total 262144K, used 89670K [0x0000000740000000, 0x0000000750000000, 0x0000000795580000)
  object space 262144K, 34% used [0x0000000740000000,0x0000000745791af0,0x0000000750000000)
 Metaspace       used 23749K, capacity 24778K, committed 24960K, reserved 1071104K
  class space    used 3223K, capacity 3456K, committed 3456K, reserved 1048576K
Event: 17.831 GC heap after
Heap after GC invocations=14 (full 4):
 PSYoungGen      total 162816K, used 16392K [0x0000000795580000, 0x00000007a0b00000, 0x00000007c0000000)
  eden space 143360K, 0% used [0x0000000795580000,0x0000000795580000,0x000000079e180000)
  from space 19456K, 84% used [0x000000079f600000,0x00000007a0602020,0x00000007a0900000)
  to   space 20992K, 0% used [0x000000079e180000,0x000000079e180000,0x000000079f600000)
 ParOldGen       total 262144K, used 120053K [0x0000000740000000, 0x0000000750000000, 0x0000000795580000)
  object space 262144K, 45% used [0x0000000740000000,0x000000074753d730,0x0000000750000000)
 Metaspace       used 23749K, capacity 24778K, committed 24960K, reserved 1071104K
  class space    used 3223K, capacity 3456K, committed 3456K, reserved 1048576K
}
Event: 18.853 GC heap before
{Heap before GC invocations=15 (full 4):
 PSYoungGen      total 162816K, used 159133K [0x0000000795580000, 0x00000007a0b00000, 0x00000007c0000000)
  eden space 143360K, 99% used [0x0000000795580000,0x000000079e0e5488,0x000000079e180000)
  from space 19456K, 84% used [0x000000079f600000,0x00000007a0602020,0x00000007a0900000)
  to   space 20992K, 0% used [0x000000079e180000,0x000000079e180000,0x000000079f600000)
 ParOldGen       total 262144K, used 120053K [0x0000000740000000, 0x0000000750000000, 0x0000000795580000)
  object space 262144K, 45% used [0x0000000740000000,0x000000074753d730,0x0000000750000000)
 Metaspace       used 23778K, capacity 24842K, committed 24960K, reserved 1071104K
  class space    used 3223K, capacity 3456K, committed 3456K, reserved 1048576K
Event: 18.875 GC heap after
Heap after GC invocations=15 (full 4):
 PSYoungGen      total 164352K, used 18481K [0x0000000795580000, 0x00000007a3c00000, 0x00000007c0000000)
  eden space 143360K, 0% used [0x0000000795580000,0x0000000795580000,0x000000079e180000)
  from space 20992K, 88% used [0x000000079e180000,0x000000079f38c430,0x000000079f600000)
  to   space 23552K, 0% used [0x00000007a2500000,0x00000007a2500000,0x00000007a3c00000)
 ParOldGen       total 262144K, used 160585K [0x0000000740000000, 0x0000000750000000, 0x0000000795580000)
  object space 262144K, 61% used [0x0000000740000000,0x0000000749cd2780,0x0000000750000000)
 Metaspace       used 23778K, capacity 24842K, committed 24960K, reserved 1071104K
  class space    used 3223K, capacity 3456K, committed 3456K, reserved 1048576K
}
Event: 19.486 GC heap before
{Heap before GC invocations=16 (full 4):
 PSYoungGen      total 164352K, used 157102K [0x0000000795580000, 0x00000007a3c00000, 0x00000007c0000000)
  eden space 143360K, 96% used [0x0000000795580000,0x000000079dcdf6e8,0x000000079e180000)
  from space 20992K, 88% used [0x000000079e180000,0x000000079f38c430,0x000000079f600000)
  to   space 23552K, 0% used [0x00000007a2500000,0x00000007a2500000,0x00000007a3c00000)
 ParOldGen       total 262144K, used 160585K [0x0000000740000000, 0x0000000750000000, 0x0000000795580000)
  object space 262144K, 61% used [0x0000000740000000,0x0000000749cd2780,0x0000000750000000)
 Metaspace       used 23794K, capacity 24906K, committed 24960K, reserved 1071104K
  class space    used 3223K, capacity 3456K, committed 3456K, reserved 1048576K
Event: 19.511 GC heap after
Heap after GC invocations=16 (full 4):
 PSYoungGen      total 211456K, used 16392K [0x0000000795580000, 0x00000007a3d80000, 0x00000007c0000000)
  eden space 187904K, 0% used [0x0000000795580000,0x0000000795580000,0x00000007a0d00000)
  from space 23552K, 69% used [0x00000007a2500000,0x00000007a3502020,0x00000007a3c00000)
  to   space 24576K, 0% used [0x00000007a0d00000,0x00000007a0d00000,0x00000007a2500000)
 ParOldGen       total 262144K, used 217317K [0x0000000740000000, 0x0000000750000000, 0x0000000795580000)
  object space 262144K, 82% used [0x0000000740000000,0x000000074d4397f0,0x0000000750000000)
 Metaspace       used 23794K, capacity 24906K, committed 24960K, reserved 1071104K
  class space    used 3223K, capacity 3456K, committed 3456K, reserved 1048576K
}
Event: 19.511 GC heap before
{Heap before GC invocations=17 (full 5):
 PSYoungGen      total 211456K, used 16392K [0x0000000795580000, 0x00000007a3d80000, 0x00000007c0000000)
  eden space 187904K, 0% used [0x0000000795580000,0x0000000795580000,0x00000007a0d00000)
  from space 23552K, 69% used [0x00000007a2500000,0x00000007a3502020,0x00000007a3c00000)
  to   space 24576K, 0% used [0x00000007a0d00000,0x00000007a0d00000,0x00000007a2500000)
 ParOldGen       total 262144K, used 217317K [0x0000000740000000, 0x0000000750000000, 0x0000000795580000)
  object space 262144K, 82% used [0x0000000740000000,0x000000074d4397f0,0x0000000750000000)
 Metaspace       used 23794K, capacity 24906K, committed 24960K, reserved 1071104K
  class space    used 3223K, capacity 3456K, committed 3456K, reserved 1048576K
Event: 19.556 GC heap after
Heap after GC invocations=17 (full 5):
 PSYoungGen      total 211456K, used 0K [0x0000000795580000, 0x00000007a3d80000, 0x00000007c0000000)
  eden space 187904K, 0% used [0x0000000795580000,0x0000000795580000,0x00000007a0d00000)
  from space 23552K, 0% used [0x00000007a2500000,0x00000007a2500000,0x00000007a3c00000)
  to   space 24576K, 0% used [0x00000007a0d00000,0x00000007a0d00000,0x00000007a2500000)
 ParOldGen       total 288256K, used 83603K [0x0000000740000000, 0x0000000751980000, 0x0000000795580000)
  object space 288256K, 29% used [0x0000000740000000,0x00000007451a4d48,0x0000000751980000)
 Metaspace       used 23794K, capacity 24906K, committed 24960K, reserved 1071104K
  class space    used 3223K, capacity 3456K, committed 3456K, reserved 1048576K
}
Event: 20.261 GC heap before
{Heap before GC invocations=18 (full 5):
 PSYoungGen      total 211456K, used 180000K [0x0000000795580000, 0x00000007a3d80000, 0x00000007c0000000)
  eden space 187904K, 95% used [0x0000000795580000,0x00000007a0548198,0x00000007a0d00000)
  from space 23552K, 0% used [0x00000007a2500000,0x00000007a2500000,0x00000007a3c00000)
  to   space 24576K, 0% used [0x00000007a0d00000,0x00000007a0d00000,0x00000007a2500000)
 ParOldGen       total 288256K, used 83603K [0x0000000740000000, 0x0000000751980000, 0x0000000795580000)
  object space 288256K, 29% used [0x0000000740000000,0x00000007451a4d48,0x0000000751980000)
 Metaspace       used 23838K, capacity 24906K, committed 24960K, reserved 1071104K
  class space    used 3223K, capacity 3456K, committed 3456K, reserved 1048576K
Event: 20.286 GC heap after
Heap after GC invocations=18 (full 5):
 PSYoungGen      total 212480K, used 24492K [0x0000000795580000, 0x00000007a8080000, 0x00000007c0000000)
  eden space 187904K, 0% used [0x0000000795580000,0x0000000795580000,0x00000007a0d00000)
  from space 24576K, 99% used [0x00000007a0d00000,0x00000007a24eb030,0x00000007a2500000)
  to   space 28672K, 0% used [0x00000007a6480000,0x00000007a6480000,0x00000007a8080000)
 ParOldGen       total 288256K, used 116003K [0x0000000740000000, 0x0000000751980000, 0x0000000795580000)
  object space 288256K, 40% used [0x0000000740000000,0x0000000747148d88,0x0000000751980000)
 Metaspace       used 23838K, capacity 24906K, committed 24960K, reserved 1071104K
  class space    used 3223K, capacity 3456K, committed 3456K, reserved 1048576K
}

