# JRE version: Java(TM) SE Runtime Environment (8.0_121-b13) (build 1.8.0_121-b13)
# Java VM: Java HotSpot(TM) 64-Bit Server VM (25.121-b13 mixed mode bsd-amd64 compressed oops)
Heap:
 PSYoungGen      total 214528K, used 199168K [0x0000000795580000, 0x00000007a7900000, 0x00000007c0000000)
  eden space 199168K, 100% used [0x0000000795580000,0x00000007a1800000,0x00000007a1800000)
  from space 15360K, 0% used [0x00000007a1800000,0x00000007a1800000,0x00000007a2700000)
  to   space 15872K, 0% used [0x00000007a6980000,0x00000007a6980000,0x00000007a7900000)
 ParOldGen       total 277504K, used 79617K [0x0000000740000000, 0x0000000750f00000, 0x0000000795580000)
  object space 277504K, 28% used [0x0000000740000000,0x0000000744dc0738,0x0000000750f00000)
 Metaspace       used 23882K, capacity 25008K, committed 25344K, reserved 1071104K
  class space    used 3223K, capacity 3463K, committed 3584K, reserved 1048576K
GC Heap History (10 events):
Event: 20.487 GC heap before
{Heap before GC invocations=13 (full 5):
 PSYoungGen      total 158720K, used 146432K [0x0000000795580000, 0x00000007a0080000, 0x00000007c0000000)
  eden space 146432K, 100% used [0x0000000795580000,0x000000079e480000,0x000000079e480000)
  from space 12288K, 0% used [0x000000079f480000,0x000000079f480000,0x00000007a0080000)
  to   space 14336K, 0% used [0x000000079e480000,0x000000079e480000,0x000000079f280000)
 ParOldGen       total 303104K, used 302294K [0x0000000740000000, 0x0000000752800000, 0x0000000795580000)
  object space 303104K, 99% used [0x0000000740000000,0x00000007527358d8,0x0000000752800000)
 Metaspace       used 23754K, capacity 24846K, committed 24960K, reserved 1071104K
  class space    used 3219K, capacity 3456K, committed 3456K, reserved 1048576K
Event: 20.554 GC heap after
Heap after GC invocations=13 (full 5):
 PSYoungGen      total 158720K, used 0K [0x0000000795580000, 0x00000007a0080000, 0x00000007c0000000)
  eden space 146432K, 0% used [0x0000000795580000,0x0000000795580000,0x000000079e480000)
  from space 12288K, 0% used [0x000000079f480000,0x000000079f480000,0x00000007a0080000)
  to   space 14336K, 0% used [0x000000079e480000,0x000000079e480000,0x000000079f280000)
 ParOldGen       total 256000K, used 81690K [0x0000000740000000, 0x000000074fa00000, 0x0000000795580000)
  object space 256000K, 31% used [0x0000000740000000,0x0000000744fc6810,0x000000074fa00000)
 Metaspace       used 23754K, capacity 24846K, committed 24960K, reserved 1071104K
  class space    used 3219K, capacity 3456K, committed 3456K, reserved 1048576K
}
Event: 21.541 GC heap before
{Heap before GC invocations=14 (full 5):
 PSYoungGen      total 158720K, used 146432K [0x0000000795580000, 0x00000007a0080000, 0x00000007c0000000)
  eden space 146432K, 100% used [0x0000000795580000,0x000000079e480000,0x000000079e480000)
  from space 12288K, 0% used [0x000000079f480000,0x000000079f480000,0x00000007a0080000)
  to   space 14336K, 0% used [0x000000079e480000,0x000000079e480000,0x000000079f280000)
 ParOldGen       total 256000K, used 81690K [0x0000000740000000, 0x000000074fa00000, 0x0000000795580000)
  object space 256000K, 31% used [0x0000000740000000,0x0000000744fc6810,0x000000074fa00000)
 Metaspace       used 23771K, capacity 24846K, committed 24960K, reserved 1071104K
  class space    used 3219K, capacity 3456K, committed 3456K, reserved 1048576K
Event: 21.558 GC heap after
Heap after GC invocations=14 (full 5):
 PSYoungGen      total 160768K, used 8356K [0x0000000795580000, 0x00000007a3780000, 0x00000007c0000000)
  eden space 146432K, 0% used [0x0000000795580000,0x0000000795580000,0x000000079e480000)
  from space 14336K, 58% used [0x000000079e480000,0x000000079eca9010,0x000000079f280000)
  to   space 14848K, 0% used [0x00000007a2900000,0x00000007a2900000,0x00000007a3780000)
 ParOldGen       total 256000K, used 122198K [0x0000000740000000, 0x000000074fa00000, 0x0000000795580000)
  object space 256000K, 47% used [0x0000000740000000,0x0000000747755860,0x000000074fa00000)
 Metaspace       used 23771K, capacity 24846K, committed 24960K, reserved 1071104K
  class space    used 3219K, capacity 3456K, committed 3456K, reserved 1048576K
}
Event: 22.150 GC heap before
{Heap before GC invocations=15 (full 5):
 PSYoungGen      total 160768K, used 151194K [0x0000000795580000, 0x00000007a3780000, 0x00000007c0000000)
  eden space 146432K, 97% used [0x0000000795580000,0x000000079e0fd878,0x000000079e480000)
  from space 14336K, 58% used [0x000000079e480000,0x000000079eca9010,0x000000079f280000)
  to   space 14848K, 0% used [0x00000007a2900000,0x00000007a2900000,0x00000007a3780000)
 ParOldGen       total 256000K, used 122198K [0x0000000740000000, 0x000000074fa00000, 0x0000000795580000)
  object space 256000K, 47% used [0x0000000740000000,0x0000000747755860,0x000000074fa00000)
 Metaspace       used 23783K, capacity 24846K, committed 24960K, reserved 1071104K
  class space    used 3219K, capacity 3456K, committed 3456K, reserved 1048576K
Event: 22.168 GC heap after
Heap after GC invocations=15 (full 5):
 PSYoungGen      total 212480K, used 10317K [0x0000000795580000, 0x00000007a3600000, 0x00000007c0000000)
  eden space 199168K, 0% used [0x0000000795580000,0x0000000795580000,0x00000007a1800000)
  from space 13312K, 77% used [0x00000007a2900000,0x00000007a3313420,0x00000007a3600000)
  to   space 15360K, 0% used [0x00000007a1800000,0x00000007a1800000,0x00000007a2700000)
 ParOldGen       total 256000K, used 162706K [0x0000000740000000, 0x000000074fa00000, 0x0000000795580000)
  object space 256000K, 63% used [0x0000000740000000,0x0000000749ee48b0,0x000000074fa00000)
 Metaspace       used 23783K, capacity 24846K, committed 24960K, reserved 1071104K
  class space    used 3219K, capacity 3456K, committed 3456K, reserved 1048576K
}
Event: 23.395 GC heap before
{Heap before GC invocations=16 (full 5):
 PSYoungGen      total 212480K, used 208986K [0x0000000795580000, 0x00000007a3600000, 0x00000007c0000000)
  eden space 199168K, 99% used [0x0000000795580000,0x00000007a17837c0,0x00000007a1800000)
  from space 13312K, 77% used [0x00000007a2900000,0x00000007a3313420,0x00000007a3600000)
  to   space 15360K, 0% used [0x00000007a1800000,0x00000007a1800000,0x00000007a2700000)
 ParOldGen       total 256000K, used 164731K [0x0000000740000000, 0x000000074fa00000, 0x0000000795580000)
  object space 256000K, 64% used [0x0000000740000000,0x000000074a0decc0,0x000000074fa00000)
 Metaspace       used 23835K, capacity 24918K, committed 24960K, reserved 1071104K
  class space    used 3219K, capacity 3456K, committed 3456K, reserved 1048576K
Event: 23.428 GC heap after
Heap after GC invocations=16 (full 5):
 PSYoungGen      total 214528K, used 10381K [0x0000000795580000, 0x00000007a7900000, 0x00000007c0000000)
  eden space 199168K, 0% used [0x0000000795580000,0x0000000795580000,0x00000007a1800000)
  from space 15360K, 67% used [0x00000007a1800000,0x00000007a2223420,0x00000007a2700000)
  to   space 15872K, 0% used [0x00000007a6980000,0x00000007a6980000,0x00000007a7900000)
 ParOldGen       total 256000K, used 213347K [0x0000000740000000, 0x000000074fa00000, 0x0000000795580000)
  object space 256000K, 83% used [0x0000000740000000,0x000000074d058d20,0x000000074fa00000)
 Metaspace       used 23835K, capacity 24918K, committed 24960K, reserved 1071104K
  class space    used 3219K, capacity 3456K, committed 3456K, reserved 1048576K
}
Event: 23.428 GC heap before
{Heap before GC invocations=17 (full 6):
 PSYoungGen      total 214528K, used 10381K [0x0000000795580000, 0x00000007a7900000, 0x00000007c0000000)
  eden space 199168K, 0% used [0x0000000795580000,0x0000000795580000,0x00000007a1800000)
  from space 15360K, 67% used [0x00000007a1800000,0x00000007a2223420,0x00000007a2700000)
  to   space 15872K, 0% used [0x00000007a6980000,0x00000007a6980000,0x00000007a7900000)
 ParOldGen       total 256000K, used 213347K [0x0000000740000000, 0x000000074fa00000, 0x0000000795580000)
  object space 256000K, 83% used [0x0000000740000000,0x000000074d058d20,0x000000074fa00000)
 Metaspace       used 23835K, capacity 24918K, committed 24960K, reserved 1071104K
  class space    used 3219K, capacity 3456K, committed 3456K, reserved 1048576K
Event: 23.482 GC heap after
Heap after GC invocations=17 (full 6):
 PSYoungGen      total 214528K, used 0K [0x0000000795580000, 0x00000007a7900000, 0x00000007c0000000)
  eden space 199168K, 0% used [0x0000000795580000,0x0000000795580000,0x00000007a1800000)
  from space 15360K, 0% used [0x00000007a1800000,0x00000007a1800000,0x00000007a2700000)
  to   space 15872K, 0% used [0x00000007a6980000,0x00000007a6980000,0x00000007a7900000)
 ParOldGen       total 277504K, used 79617K [0x0000000740000000, 0x0000000750f00000, 0x0000000795580000)
  object space 277504K, 28% used [0x0000000740000000,0x0000000744dc0738,0x0000000750f00000)
 Metaspace       used 23835K, capacity 24918K, committed 24960K, reserved 1071104K
  class space    used 3219K, capacity 3456K, committed 3456K, reserved 1048576K
}

